#
# There is insufficient memory for the Java Runtime Environment to continue.
# Native memory allocation (malloc) failed to allocate 1719056 bytes for Chunk::new
# Possible reasons:
#   The system is out of physical RAM or swap space
#   The process is running with CompressedOops enabled, and the Java Heap may be blocking the growth of the native heap
# Possible solutions:
#   Reduce memory load on the system
#   Increase physical memory or swap space
#   Check if swap backing store is full
#   Decrease Java heap size (-Xmx/-Xms)
#   Decrease number of Java threads
#   Decrease Java thread stack sizes (-Xss)
#   Set larger code cache with -XX:ReservedCodeCacheSize=
#   JVM is running with Unscaled Compressed Oops mode in which the Java heap is
#     placed in the first 4GB address space. The Java Heap base address is the
#     maximum limit for the native heap growth. Please use -XX:HeapBaseMinAddress
#     to set the Java Heap base and to place the Java Heap above 4GB virtual address.
# This output file may be truncated or incomplete.
#
#  Out of Memory Error (arena.cpp:189), pid=22952, tid=28616
#
# JRE version: OpenJDK Runtime Environment (17.0.6) (build 17.0.6+0-b2043.56-10027231)
# Java VM: OpenJDK 64-Bit Server VM (17.0.6+0-b2043.56-10027231, mixed mode, tiered, compressed oops, compressed class ptrs, g1 gc, windows-amd64)
# No core dump will be written. Minidumps are not enabled by default on client versions of Windows
#

---------------  S U M M A R Y ------------

Command Line: --add-opens=java.base/java.util=ALL-UNNAMED --add-opens=java.base/java.lang=ALL-UNNAMED --add-opens=java.base/java.lang.invoke=ALL-UNNAMED --add-opens=java.prefs/java.util.prefs=ALL-UNNAMED --add-opens=java.base/java.nio.charset=ALL-UNNAMED --add-opens=java.base/java.net=ALL-UNNAMED --add-opens=java.base/java.util.concurrent.atomic=ALL-UNNAMED -Xmx2048m -Dfile.encoding=UTF-8 -Duser.country=US -Duser.language=en -Duser.variant org.gradle.launcher.daemon.bootstrap.GradleDaemon 8.0

Host: AMD Ryzen 5 5600H with Radeon Graphics         , 12 cores, 5G,  Windows 11 , 64 bit Build 22621 (10.0.22621.2215)
Time: Fri Sep  1 18:25:33 2023 AUS Eastern Standard Time elapsed time: 14.461524 seconds (0d 0h 0m 14s)

---------------  T H R E A D  ---------------

Current thread (0x000001e8cd38d9b0):  JavaThread "C2 CompilerThread2" daemon [_thread_in_native, id=28616, stack(0x0000001db6100000,0x0000001db6200000)]


Current CompileTask:
C2:  14461 7071       4       java.net.URLClassLoader$1::run (5 bytes)

Stack: [0x0000001db6100000,0x0000001db6200000]
Native frames: (J=compiled Java code, j=interpreted, Vv=VM code, C=native code)
V  [jvm.dll+0x683c9a]
V  [jvm.dll+0x8427a4]
V  [jvm.dll+0x843f9e]
V  [jvm.dll+0x844603]
V  [jvm.dll+0x249b75]
V  [jvm.dll+0xabcac]
V  [jvm.dll+0xac27c]
V  [jvm.dll+0x368802]
V  [jvm.dll+0x332f31]
V  [jvm.dll+0x3323da]
V  [jvm.dll+0x21c201]
V  [jvm.dll+0x21b621]
V  [jvm.dll+0x1a4fdd]
V  [jvm.dll+0x22b098]
V  [jvm.dll+0x229159]
V  [jvm.dll+0x7f81ec]
V  [jvm.dll+0x7f274a]
V  [jvm.dll+0x682ad5]
C  [ucrtbase.dll+0x29363]
C  [KERNEL32.DLL+0x1257d]
C  [ntdll.dll+0x5aa68]


---------------  P R O C E S S  ---------------

Threads class SMR info:
_java_thread_list=0x000001e8d21c0a40, length=173, elements={
0x000001e8af8ad090, 0x000001e8c9b7a250, 0x000001e8c9b7c0d0, 0x000001e8c9b65da0,
0x000001e8c9b66c10, 0x000001e8c9b676c0, 0x000001e8ca427020, 0x000001e8ca42b200,
0x000001e8ca4340b0, 0x000001e8ca445260, 0x000001e8ca5a8bf0, 0x000001e8ca5ab0d0,
0x000001e8cb92e050, 0x000001e8ccdc9840, 0x000001e8ccd6ae30, 0x000001e8cd07bf20,
0x000001e8cd44c990, 0x000001e8cb78a5f0, 0x000001e8cb78cc70, 0x000001e8cb789c50,
0x000001e8cb78b930, 0x000001e8cb78c7a0, 0x000001e8cb78b460, 0x000001e8cb78af90,
0x000001e8cb78aac0, 0x000001e8cb78be00, 0x000001e8cb78c2d0, 0x000001e8cb78d140,
0x000001e8cb78d610, 0x000001e8cb78a120, 0x000001e8ccdeb690, 0x000001e8ccde9010,
0x000001e8ccdeb1c0, 0x000001e8ccde64c0, 0x000001e8ccdea820, 0x000001e8ccde6990,
0x000001e8ccdebb60, 0x000001e8ccde99b0, 0x000001e8ccde6e60, 0x000001e8ccde7cd0,
0x000001e8ccde8670, 0x000001e8ccde9e80, 0x000001e8cd38f300, 0x000001e8cd38d9b0,
0x000001e8ccde47e0, 0x000001e8ccde8b40, 0x000001e8ccde5180, 0x000001e8ccde4310,
0x000001e8ccde5b20, 0x000001e8ccde5ff0, 0x000001e8ccde7330, 0x000001e8cb3b2d80,
0x000001e8cb3af3c0, 0x000001e8cb3af890, 0x000001e8cb3b3bf0, 0x000001e8cb3b40c0,
0x000001e8cb3b0700, 0x000001e8cb3b1570, 0x000001e8cb3b10a0, 0x000001e8cb3ae080,
0x000001e8cb3b28b0, 0x000001e8cb3aea20, 0x000001e8cb3b3720, 0x000001e8cb3b1f10,
0x000001e8cb3b23e0, 0x000001e8cb3b4590, 0x000001e8cb3b4a60, 0x000001e8cb3b0bd0,
0x000001e8cb3b4f30, 0x000001e8cb3ad6e0, 0x000001e8cb3b3250, 0x000001e8cb3aeef0,
0x000001e8cb3adbb0, 0x000001e8cb3afd60, 0x000001e8cb3b1a40, 0x000001e8cb3b0230,
0x000001e8cb3ae550, 0x000001e8cac912a0, 0x000001e8cac925e0, 0x000001e8cac91770,
0x000001e8cac91c40, 0x000001e8cac93450, 0x000001e8cac92f80, 0x000001e8cac92110,
0x000001e8cac92ab0, 0x000001e8cac8bc00, 0x000001e8cac8c5a0, 0x000001e8cac8f5c0,
0x000001e8cac90900, 0x000001e8cac8ec20, 0x000001e8cac8d410, 0x000001e8cac8c0d0,
0x000001e8cac8d8e0, 0x000001e8cac8cf40, 0x000001e8cac8ca70, 0x000001e8cac8ddb0,
0x000001e8cac8e280, 0x000001e8cac8e750, 0x000001e8cac8ff60, 0x000001e8cac90dd0,
0x000001e8cac8f0f0, 0x000001e8cac8fa90, 0x000001e8cac90430, 0x000001e8d06894f0,
0x000001e8d0687ce0, 0x000001e8d068ad00, 0x000001e8d06869a0, 0x000001e8d068a830,
0x000001e8d068b1d0, 0x000001e8d06899c0, 0x000001e8d0689e90, 0x000001e8d068b6a0,
0x000001e8d06847f0, 0x000001e8d068bb70, 0x000001e8d068c040, 0x000001e8d0689020,
0x000001e8d068a360, 0x000001e8d0684cc0, 0x000001e8d06881b0, 0x000001e8d0686000,
0x000001e8d0688680, 0x000001e8d0685190, 0x000001e8d0685660, 0x000001e8d0688b50,
0x000001e8d0685b30, 0x000001e8d06864d0, 0x000001e8d0686e70, 0x000001e8d0687340,
0x000001e8d0687810, 0x000001e8cb565850, 0x000001e8cb562360, 0x000001e8cb562830,
0x000001e8cb564510, 0x000001e8cb565d20, 0x000001e8cb563b70, 0x000001e8cb5666c0,
0x000001e8cb562d00, 0x000001e8cb565380, 0x000001e8cb567ed0, 0x000001e8cb566b90,
0x000001e8cb564040, 0x000001e8cb567530, 0x000001e8cb5631d0, 0x000001e8cb5614f0,
0x000001e8cb567060, 0x000001e8cb5683a0, 0x000001e8cb564eb0, 0x000001e8cb5661f0,
0x000001e8cb560b50, 0x000001e8cb567a00, 0x000001e8cb561020, 0x000001e8cb5649e0,
0x000001e8cb561e90, 0x000001e8cb5619c0, 0x000001e8cb5636a0, 0x000001e8d1ac5d80,
0x000001e8d1ac1a20, 0x000001e8d1ac1080, 0x000001e8d1ac6250, 0x000001e8d1ac6720,
0x000001e8d1ac58b0, 0x000001e8d1ac40a0, 0x000001e8d1ac2890, 0x000001e8d1ac7a60,
0x000001e8d1ac1ef0, 0x000001e8d1ac3bd0, 0x000001e8d1ac4570, 0x000001e8d1ac53e0,
0x000001e8d1ac6bf0, 0x000001e8d1ac3700, 0x000001e8d1ac70c0, 0x000001e8d1ac7590,
0x000001e8d1ac3230
}

Java Threads: ( => current thread )
  0x000001e8af8ad090 JavaThread "main" [_thread_blocked, id=28536, stack(0x0000001db2400000,0x0000001db2500000)]
  0x000001e8c9b7a250 JavaThread "Reference Handler" daemon [_thread_blocked, id=25500, stack(0x0000001db2b00000,0x0000001db2c00000)]
  0x000001e8c9b7c0d0 JavaThread "Finalizer" daemon [_thread_blocked, id=25056, stack(0x0000001db2c00000,0x0000001db2d00000)]
  0x000001e8c9b65da0 JavaThread "Signal Dispatcher" daemon [_thread_blocked, id=25356, stack(0x0000001db2d00000,0x0000001db2e00000)]
  0x000001e8c9b66c10 JavaThread "Attach Listener" daemon [_thread_blocked, id=4424, stack(0x0000001db2e00000,0x0000001db2f00000)]
  0x000001e8c9b676c0 JavaThread "Service Thread" daemon [_thread_blocked, id=9548, stack(0x0000001db2f00000,0x0000001db3000000)]
  0x000001e8ca427020 JavaThread "Monitor Deflation Thread" daemon [_thread_blocked, id=19808, stack(0x0000001db3000000,0x0000001db3100000)]
  0x000001e8ca42b200 JavaThread "C2 CompilerThread0" daemon [_thread_in_native, id=11588, stack(0x0000001db3100000,0x0000001db3200000)]
  0x000001e8ca4340b0 JavaThread "C1 CompilerThread0" daemon [_thread_blocked, id=24836, stack(0x0000001db3200000,0x0000001db3300000)]
  0x000001e8ca445260 JavaThread "Sweeper thread" daemon [_thread_blocked, id=3728, stack(0x0000001db3300000,0x0000001db3400000)]
  0x000001e8ca5a8bf0 JavaThread "Common-Cleaner" daemon [_thread_blocked, id=16484, stack(0x0000001db3400000,0x0000001db3500000)]
  0x000001e8ca5ab0d0 JavaThread "Notification Thread" daemon [_thread_blocked, id=27408, stack(0x0000001db3500000,0x0000001db3600000)]
  0x000001e8cb92e050 JavaThread "Daemon health stats" [_thread_blocked, id=26788, stack(0x0000001db3c00000,0x0000001db3d00000)]
  0x000001e8ccdc9840 JavaThread "Incoming local TCP Connector on port 56476" [_thread_in_native, id=16676, stack(0x0000001db3b00000,0x0000001db3c00000)]
  0x000001e8ccd6ae30 JavaThread "Daemon periodic checks" [_thread_blocked, id=9712, stack(0x0000001db3d00000,0x0000001db3e00000)]
  0x000001e8cd07bf20 JavaThread "Daemon" [_thread_blocked, id=13860, stack(0x0000001db3e00000,0x0000001db3f00000)]
  0x000001e8cd44c990 JavaThread "Handler for socket connection from /127.0.0.1:56476 to /127.0.0.1:56477" [_thread_in_native, id=27808, stack(0x0000001db3f00000,0x0000001db4000000)]
  0x000001e8cb78a5f0 JavaThread "Cancel handler" [_thread_blocked, id=2800, stack(0x0000001db4000000,0x0000001db4100000)]
  0x000001e8cb78cc70 JavaThread "Daemon worker" [_thread_in_vm, id=24536, stack(0x0000001db4100000,0x0000001db4200000)]
  0x000001e8cb789c50 JavaThread "Asynchronous log dispatcher for DefaultDaemonConnection: socket connection from /127.0.0.1:56476 to /127.0.0.1:56477" [_thread_blocked, id=21472, stack(0x0000001db4200000,0x0000001db4300000)]
  0x000001e8cb78b930 JavaThread "Stdin handler" [_thread_blocked, id=25904, stack(0x0000001db4300000,0x0000001db4400000)]
  0x000001e8cb78c7a0 JavaThread "Daemon client event forwarder" [_thread_blocked, id=20584, stack(0x0000001db4400000,0x0000001db4500000)]
  0x000001e8cb78b460 JavaThread "Cache worker for journal cache (C:\Users\abura\.gradle\caches\journal-1)" [_thread_blocked, id=20424, stack(0x0000001db4c00000,0x0000001db4d00000)]
  0x000001e8cb78af90 JavaThread "File lock request listener" [_thread_in_native, id=22704, stack(0x0000001db4d00000,0x0000001db4e00000)]
  0x000001e8cb78aac0 JavaThread "Cache worker for file hash cache (C:\Users\abura\.gradle\caches\8.0\fileHashes)" [_thread_blocked, id=14328, stack(0x0000001db4f00000,0x0000001db5000000)]
  0x000001e8cb78be00 JavaThread "File watcher server" daemon [_thread_in_native, id=23448, stack(0x0000001db5100000,0x0000001db5200000)]
  0x000001e8cb78c2d0 JavaThread "File watcher consumer" daemon [_thread_blocked, id=16912, stack(0x0000001db5200000,0x0000001db5300000)]
  0x000001e8cb78d140 JavaThread "Cache worker for checksums cache (C:\Users\abura\AndroidStudioProjects\core1-MdSabil-master\core1-MdSabil-master\.gradle\8.0\checksums)" [_thread_blocked, id=28412, stack(0x0000001db5300000,0x0000001db5400000)]
  0x000001e8cb78d610 JavaThread "Cache worker for cache directory md-rule (C:\Users\abura\.gradle\caches\8.0\md-rule)" [_thread_blocked, id=24404, stack(0x0000001db5400000,0x0000001db5500000)]
  0x000001e8cb78a120 JavaThread "Cache worker for file content cache (C:\Users\abura\.gradle\caches\8.0\fileContent)" [_thread_blocked, id=29304, stack(0x0000001db5500000,0x0000001db5600000)]
  0x000001e8ccdeb690 JavaThread "Cache worker for file hash cache (C:\Users\abura\AndroidStudioProjects\core1-MdSabil-master\core1-MdSabil-master\.gradle\8.0\fileHashes)" [_thread_blocked, id=6164, stack(0x0000001db4e00000,0x0000001db4f00000)]
  0x000001e8ccde9010 JavaThread "Cache worker for cache directory md-supplier (C:\Users\abura\.gradle\caches\8.0\md-supplier)" [_thread_blocked, id=28568, stack(0x0000001db5000000,0x0000001db5100000)]
  0x000001e8ccdeb1c0 JavaThread "Cache worker for execution history cache (C:\Users\abura\.gradle\caches\8.0\executionHistory)" [_thread_blocked, id=5396, stack(0x0000001db5600000,0x0000001db5700000)]
  0x000001e8ccde64c0 JavaThread "File lock release action executor" [_thread_blocked, id=11108, stack(0x0000001db5700000,0x0000001db5800000)]
  0x000001e8ccdea820 JavaThread "jar transforms" [_thread_blocked, id=1480, stack(0x0000001db5900000,0x0000001db5a00000)]
  0x000001e8ccde6990 JavaThread "jar transforms Thread 2" [_thread_blocked, id=21244, stack(0x0000001db5b00000,0x0000001db5c00000)]
  0x000001e8ccdebb60 JavaThread "Cache worker for kotlin-dsl (C:\Users\abura\.gradle\caches\8.0\kotlin-dsl)" [_thread_blocked, id=16048, stack(0x0000001db5a00000,0x0000001db5b00000)]
  0x000001e8ccde99b0 JavaThread "jar transforms Thread 3" [_thread_blocked, id=21016, stack(0x0000001db5c00000,0x0000001db5d00000)]
  0x000001e8ccde6e60 JavaThread "jar transforms Thread 4" [_thread_blocked, id=17008, stack(0x0000001db5800000,0x0000001db5900000)]
  0x000001e8ccde7cd0 JavaThread "Cache worker for dependencies-accessors (C:\Users\abura\AndroidStudioProjects\core1-MdSabil-master\core1-MdSabil-master\.gradle\8.0\dependencies-accessors)" [_thread_blocked, id=27692, stack(0x0000001db5d00000,0x0000001db5e00000)]
  0x000001e8ccde8670 JavaThread "Cache worker for Build Output Cleanup Cache (C:\Users\abura\AndroidStudioProjects\core1-MdSabil-master\core1-MdSabil-master\.gradle\buildOutputCleanup)" [_thread_blocked, id=26916, stack(0x0000001db5e00000,0x0000001db5f00000)]
  0x000001e8ccde9e80 JavaThread "jar transforms Thread 5" [_thread_blocked, id=24980, stack(0x0000001db5f00000,0x0000001db6000000)]
  0x000001e8cd38f300 JavaThread "C2 CompilerThread1" daemon [_thread_in_native, id=26696, stack(0x0000001db6000000,0x0000001db6100000)]
=>0x000001e8cd38d9b0 JavaThread "C2 CompilerThread2" daemon [_thread_in_native, id=28616, stack(0x0000001db6100000,0x0000001db6200000)]
  0x000001e8ccde47e0 JavaThread "Unconstrained build operations" [_thread_blocked, id=28316, stack(0x0000001db6200000,0x0000001db6300000)]
  0x000001e8ccde8b40 JavaThread "Unconstrained build operations Thread 2" [_thread_blocked, id=11888, stack(0x0000001db6300000,0x0000001db6400000)]
  0x000001e8ccde5180 JavaThread "Unconstrained build operations Thread 3" [_thread_blocked, id=10388, stack(0x0000001db6400000,0x0000001db6500000)]
  0x000001e8ccde4310 JavaThread "Unconstrained build operations Thread 4" [_thread_blocked, id=716, stack(0x0000001db6500000,0x0000001db6600000)]
  0x000001e8ccde5b20 JavaThread "Unconstrained build operations Thread 5" [_thread_blocked, id=18004, stack(0x0000001db6600000,0x0000001db6700000)]
  0x000001e8ccde5ff0 JavaThread "Unconstrained build operations Thread 6" [_thread_blocked, id=1392, stack(0x0000001db6700000,0x0000001db6800000)]
  0x000001e8ccde7330 JavaThread "Unconstrained build operations Thread 7" [_thread_blocked, id=21092, stack(0x0000001db6800000,0x0000001db6900000)]
  0x000001e8cb3b2d80 JavaThread "Unconstrained build operations Thread 8" [_thread_blocked, id=17860, stack(0x0000001db6900000,0x0000001db6a00000)]
  0x000001e8cb3af3c0 JavaThread "Unconstrained build operations Thread 9" [_thread_blocked, id=4772, stack(0x0000001db6a00000,0x0000001db6b00000)]
  0x000001e8cb3af890 JavaThread "Unconstrained build operations Thread 10" [_thread_blocked, id=11272, stack(0x0000001db6b00000,0x0000001db6c00000)]
  0x000001e8cb3b3bf0 JavaThread "Unconstrained build operations Thread 11" [_thread_blocked, id=8128, stack(0x0000001db6c00000,0x0000001db6d00000)]
  0x000001e8cb3b40c0 JavaThread "Unconstrained build operations Thread 12" [_thread_blocked, id=8948, stack(0x0000001db6d00000,0x0000001db6e00000)]
  0x000001e8cb3b0700 JavaThread "Unconstrained build operations Thread 13" [_thread_blocked, id=27768, stack(0x0000001db6e00000,0x0000001db6f00000)]
  0x000001e8cb3b1570 JavaThread "Unconstrained build operations Thread 14" [_thread_blocked, id=16756, stack(0x0000001db6f00000,0x0000001db7000000)]
  0x000001e8cb3b10a0 JavaThread "Unconstrained build operations Thread 15" [_thread_blocked, id=5156, stack(0x0000001db7000000,0x0000001db7100000)]
  0x000001e8cb3ae080 JavaThread "Unconstrained build operations Thread 16" [_thread_blocked, id=28588, stack(0x0000001db7100000,0x0000001db7200000)]
  0x000001e8cb3b28b0 JavaThread "Unconstrained build operations Thread 17" [_thread_blocked, id=20556, stack(0x0000001db7200000,0x0000001db7300000)]
  0x000001e8cb3aea20 JavaThread "Unconstrained build operations Thread 18" [_thread_blocked, id=8036, stack(0x0000001db7300000,0x0000001db7400000)]
  0x000001e8cb3b3720 JavaThread "Unconstrained build operations Thread 19" [_thread_blocked, id=29232, stack(0x0000001db7400000,0x0000001db7500000)]
  0x000001e8cb3b1f10 JavaThread "Unconstrained build operations Thread 20" [_thread_blocked, id=10668, stack(0x0000001db7500000,0x0000001db7600000)]
  0x000001e8cb3b23e0 JavaThread "Unconstrained build operations Thread 21" [_thread_blocked, id=27892, stack(0x0000001db7600000,0x0000001db7700000)]
  0x000001e8cb3b4590 JavaThread "Unconstrained build operations Thread 22" [_thread_blocked, id=23412, stack(0x0000001db7700000,0x0000001db7800000)]
  0x000001e8cb3b4a60 JavaThread "Unconstrained build operations Thread 23" [_thread_blocked, id=2696, stack(0x0000001db7800000,0x0000001db7900000)]
  0x000001e8cb3b0bd0 JavaThread "Unconstrained build operations Thread 24" [_thread_blocked, id=10456, stack(0x0000001db7900000,0x0000001db7a00000)]
  0x000001e8cb3b4f30 JavaThread "Unconstrained build operations Thread 25" [_thread_blocked, id=9556, stack(0x0000001db7a00000,0x0000001db7b00000)]
  0x000001e8cb3ad6e0 JavaThread "Unconstrained build operations Thread 26" [_thread_blocked, id=23860, stack(0x0000001db7b00000,0x0000001db7c00000)]
  0x000001e8cb3b3250 JavaThread "Unconstrained build operations Thread 27" [_thread_blocked, id=28720, stack(0x0000001db7c00000,0x0000001db7d00000)]
  0x000001e8cb3aeef0 JavaThread "Unconstrained build operations Thread 28" [_thread_blocked, id=20816, stack(0x0000001db7d00000,0x0000001db7e00000)]
  0x000001e8cb3adbb0 JavaThread "Unconstrained build operations Thread 29" [_thread_blocked, id=9572, stack(0x0000001db7e00000,0x0000001db7f00000)]
  0x000001e8cb3afd60 JavaThread "Unconstrained build operations Thread 30" [_thread_blocked, id=21072, stack(0x0000001db7f00000,0x0000001db8000000)]
  0x000001e8cb3b1a40 JavaThread "Unconstrained build operations Thread 31" [_thread_blocked, id=27276, stack(0x0000001db8000000,0x0000001db8100000)]
  0x000001e8cb3b0230 JavaThread "Unconstrained build operations Thread 32" [_thread_blocked, id=5460, stack(0x0000001db8100000,0x0000001db8200000)]
  0x000001e8cb3ae550 JavaThread "Unconstrained build operations Thread 33" [_thread_blocked, id=25704, stack(0x0000001db8200000,0x0000001db8300000)]
  0x000001e8cac912a0 JavaThread "Unconstrained build operations Thread 34" [_thread_blocked, id=29096, stack(0x0000001db8300000,0x0000001db8400000)]
  0x000001e8cac925e0 JavaThread "Unconstrained build operations Thread 35" [_thread_blocked, id=28228, stack(0x0000001db8400000,0x0000001db8500000)]
  0x000001e8cac91770 JavaThread "Unconstrained build operations Thread 36" [_thread_blocked, id=26824, stack(0x0000001db8500000,0x0000001db8600000)]
  0x000001e8cac91c40 JavaThread "Unconstrained build operations Thread 37" [_thread_blocked, id=12728, stack(0x0000001db8600000,0x0000001db8700000)]
  0x000001e8cac93450 JavaThread "Unconstrained build operations Thread 38" [_thread_blocked, id=22904, stack(0x0000001db8700000,0x0000001db8800000)]
  0x000001e8cac92f80 JavaThread "Unconstrained build operations Thread 39" [_thread_blocked, id=21588, stack(0x0000001db8800000,0x0000001db8900000)]
  0x000001e8cac92110 JavaThread "Unconstrained build operations Thread 40" [_thread_blocked, id=20276, stack(0x0000001db8900000,0x0000001db8a00000)]
  0x000001e8cac92ab0 JavaThread "Unconstrained build operations Thread 41" [_thread_blocked, id=28944, stack(0x0000001db8a00000,0x0000001db8b00000)]
  0x000001e8cac8bc00 JavaThread "Unconstrained build operations Thread 42" [_thread_blocked, id=19524, stack(0x0000001db8b00000,0x0000001db8c00000)]
  0x000001e8cac8c5a0 JavaThread "Unconstrained build operations Thread 43" [_thread_blocked, id=8952, stack(0x0000001db8c00000,0x0000001db8d00000)]
  0x000001e8cac8f5c0 JavaThread "Unconstrained build operations Thread 44" [_thread_blocked, id=19588, stack(0x0000001db8d00000,0x0000001db8e00000)]
  0x000001e8cac90900 JavaThread "Unconstrained build operations Thread 45" [_thread_blocked, id=24676, stack(0x0000001db8e00000,0x0000001db8f00000)]
  0x000001e8cac8ec20 JavaThread "Unconstrained build operations Thread 46" [_thread_blocked, id=22428, stack(0x0000001db8f00000,0x0000001db9000000)]
  0x000001e8cac8d410 JavaThread "Unconstrained build operations Thread 47" [_thread_blocked, id=15008, stack(0x0000001db9000000,0x0000001db9100000)]
  0x000001e8cac8c0d0 JavaThread "Unconstrained build operations Thread 48" [_thread_blocked, id=26924, stack(0x0000001db9100000,0x0000001db9200000)]
  0x000001e8cac8d8e0 JavaThread "Unconstrained build operations Thread 49" [_thread_blocked, id=29296, stack(0x0000001db9200000,0x0000001db9300000)]
  0x000001e8cac8cf40 JavaThread "Unconstrained build operations Thread 50" [_thread_blocked, id=24076, stack(0x0000001db9300000,0x0000001db9400000)]
  0x000001e8cac8ca70 JavaThread "Unconstrained build operations Thread 51" [_thread_blocked, id=29484, stack(0x0000001db9400000,0x0000001db9500000)]
  0x000001e8cac8ddb0 JavaThread "Unconstrained build operations Thread 52" [_thread_blocked, id=16452, stack(0x0000001db9500000,0x0000001db9600000)]
  0x000001e8cac8e280 JavaThread "Unconstrained build operations Thread 53" [_thread_blocked, id=14684, stack(0x0000001db9600000,0x0000001db9700000)]
  0x000001e8cac8e750 JavaThread "Unconstrained build operations Thread 54" [_thread_blocked, id=26144, stack(0x0000001db9700000,0x0000001db9800000)]
  0x000001e8cac8ff60 JavaThread "Unconstrained build operations Thread 55" [_thread_blocked, id=6868, stack(0x0000001db9800000,0x0000001db9900000)]
  0x000001e8cac90dd0 JavaThread "Unconstrained build operations Thread 56" [_thread_blocked, id=8088, stack(0x0000001db9900000,0x0000001db9a00000)]
  0x000001e8cac8f0f0 JavaThread "Unconstrained build operations Thread 57" [_thread_blocked, id=20828, stack(0x0000001db9a00000,0x0000001db9b00000)]
  0x000001e8cac8fa90 JavaThread "Unconstrained build operations Thread 58" [_thread_blocked, id=18232, stack(0x0000001db9b00000,0x0000001db9c00000)]
  0x000001e8cac90430 JavaThread "Unconstrained build operations Thread 59" [_thread_blocked, id=3988, stack(0x0000001db9c00000,0x0000001db9d00000)]
  0x000001e8d06894f0 JavaThread "Unconstrained build operations Thread 60" [_thread_blocked, id=26168, stack(0x0000001db9d00000,0x0000001db9e00000)]
  0x000001e8d0687ce0 JavaThread "Unconstrained build operations Thread 61" [_thread_blocked, id=25640, stack(0x0000001db9e00000,0x0000001db9f00000)]
  0x000001e8d068ad00 JavaThread "Unconstrained build operations Thread 62" [_thread_blocked, id=26344, stack(0x0000001db9f00000,0x0000001dba000000)]
  0x000001e8d06869a0 JavaThread "Unconstrained build operations Thread 63" [_thread_blocked, id=27552, stack(0x0000001dba000000,0x0000001dba100000)]
  0x000001e8d068a830 JavaThread "Unconstrained build operations Thread 64" [_thread_blocked, id=15764, stack(0x0000001dba100000,0x0000001dba200000)]
  0x000001e8d068b1d0 JavaThread "Unconstrained build operations Thread 65" [_thread_blocked, id=14928, stack(0x0000001dba200000,0x0000001dba300000)]
  0x000001e8d06899c0 JavaThread "Unconstrained build operations Thread 66" [_thread_blocked, id=9164, stack(0x0000001dba300000,0x0000001dba400000)]
  0x000001e8d0689e90 JavaThread "Unconstrained build operations Thread 67" [_thread_blocked, id=17464, stack(0x0000001dba400000,0x0000001dba500000)]
  0x000001e8d068b6a0 JavaThread "Unconstrained build operations Thread 68" [_thread_blocked, id=9824, stack(0x0000001dba500000,0x0000001dba600000)]
  0x000001e8d06847f0 JavaThread "Unconstrained build operations Thread 69" [_thread_blocked, id=26276, stack(0x0000001dba600000,0x0000001dba700000)]
  0x000001e8d068bb70 JavaThread "Unconstrained build operations Thread 70" [_thread_blocked, id=18836, stack(0x0000001dba700000,0x0000001dba800000)]
  0x000001e8d068c040 JavaThread "Unconstrained build operations Thread 71" [_thread_blocked, id=4452, stack(0x0000001dba800000,0x0000001dba900000)]
  0x000001e8d0689020 JavaThread "Unconstrained build operations Thread 72" [_thread_blocked, id=20072, stack(0x0000001dba900000,0x0000001dbaa00000)]
  0x000001e8d068a360 JavaThread "Unconstrained build operations Thread 73" [_thread_blocked, id=29368, stack(0x0000001dbaa00000,0x0000001dbab00000)]
  0x000001e8d0684cc0 JavaThread "Unconstrained build operations Thread 74" [_thread_blocked, id=26376, stack(0x0000001dbab00000,0x0000001dbac00000)]
  0x000001e8d06881b0 JavaThread "Unconstrained build operations Thread 75" [_thread_blocked, id=19056, stack(0x0000001dbac00000,0x0000001dbad00000)]
  0x000001e8d0686000 JavaThread "Unconstrained build operations Thread 76" [_thread_blocked, id=28736, stack(0x0000001dbad00000,0x0000001dbae00000)]
  0x000001e8d0688680 JavaThread "Unconstrained build operations Thread 77" [_thread_blocked, id=26536, stack(0x0000001dbae00000,0x0000001dbaf00000)]
  0x000001e8d0685190 JavaThread "Unconstrained build operations Thread 78" [_thread_blocked, id=12340, stack(0x0000001dbaf00000,0x0000001dbb000000)]
  0x000001e8d0685660 JavaThread "Unconstrained build operations Thread 79" [_thread_blocked, id=14916, stack(0x0000001dbb000000,0x0000001dbb100000)]
  0x000001e8d0688b50 JavaThread "Unconstrained build operations Thread 80" [_thread_blocked, id=25124, stack(0x0000001dbb100000,0x0000001dbb200000)]
  0x000001e8d0685b30 JavaThread "Unconstrained build operations Thread 81" [_thread_blocked, id=12348, stack(0x0000001dbb200000,0x0000001dbb300000)]
  0x000001e8d06864d0 JavaThread "Unconstrained build operations Thread 82" [_thread_blocked, id=27820, stack(0x0000001dbb300000,0x0000001dbb400000)]
  0x000001e8d0686e70 JavaThread "Unconstrained build operations Thread 83" [_thread_blocked, id=28008, stack(0x0000001dbb400000,0x0000001dbb500000)]
  0x000001e8d0687340 JavaThread "Unconstrained build operations Thread 84" [_thread_blocked, id=8896, stack(0x0000001dbb500000,0x0000001dbb600000)]
  0x000001e8d0687810 JavaThread "Unconstrained build operations Thread 85" [_thread_blocked, id=1260, stack(0x0000001dbb600000,0x0000001dbb700000)]
  0x000001e8cb565850 JavaThread "Unconstrained build operations Thread 86" [_thread_blocked, id=24472, stack(0x0000001dbb700000,0x0000001dbb800000)]
  0x000001e8cb562360 JavaThread "Unconstrained build operations Thread 87" [_thread_blocked, id=25876, stack(0x0000001dbb800000,0x0000001dbb900000)]
  0x000001e8cb562830 JavaThread "Unconstrained build operations Thread 88" [_thread_blocked, id=24888, stack(0x0000001dbb900000,0x0000001dbba00000)]
  0x000001e8cb564510 JavaThread "Unconstrained build operations Thread 89" [_thread_blocked, id=1172, stack(0x0000001dbba00000,0x0000001dbbb00000)]
  0x000001e8cb565d20 JavaThread "Unconstrained build operations Thread 90" [_thread_blocked, id=26072, stack(0x0000001dbbb00000,0x0000001dbbc00000)]
  0x000001e8cb563b70 JavaThread "Unconstrained build operations Thread 91" [_thread_blocked, id=20148, stack(0x0000001dbbc00000,0x0000001dbbd00000)]
  0x000001e8cb5666c0 JavaThread "Unconstrained build operations Thread 92" [_thread_blocked, id=28800, stack(0x0000001dbbd00000,0x0000001dbbe00000)]
  0x000001e8cb562d00 JavaThread "Unconstrained build operations Thread 93" [_thread_blocked, id=2356, stack(0x0000001dbbe00000,0x0000001dbbf00000)]
  0x000001e8cb565380 JavaThread "Unconstrained build operations Thread 94" [_thread_blocked, id=29360, stack(0x0000001dbbf00000,0x0000001dbc000000)]
  0x000001e8cb567ed0 JavaThread "Unconstrained build operations Thread 95" [_thread_blocked, id=4936, stack(0x0000001dbc000000,0x0000001dbc100000)]
  0x000001e8cb566b90 JavaThread "Unconstrained build operations Thread 96" [_thread_blocked, id=9816, stack(0x0000001dbc100000,0x0000001dbc200000)]
  0x000001e8cb564040 JavaThread "Unconstrained build operations Thread 97" [_thread_blocked, id=25664, stack(0x0000001dbc200000,0x0000001dbc300000)]
  0x000001e8cb567530 JavaThread "Unconstrained build operations Thread 98" [_thread_blocked, id=6152, stack(0x0000001dbc300000,0x0000001dbc400000)]
  0x000001e8cb5631d0 JavaThread "Unconstrained build operations Thread 99" [_thread_blocked, id=8944, stack(0x0000001dbc400000,0x0000001dbc500000)]
  0x000001e8cb5614f0 JavaThread "Unconstrained build operations Thread 100" [_thread_blocked, id=10904, stack(0x0000001dbc500000,0x0000001dbc600000)]
  0x000001e8cb567060 JavaThread "Unconstrained build operations Thread 101" [_thread_blocked, id=7280, stack(0x0000001dbc600000,0x0000001dbc700000)]
  0x000001e8cb5683a0 JavaThread "Unconstrained build operations Thread 102" [_thread_blocked, id=26864, stack(0x0000001dbc700000,0x0000001dbc800000)]
  0x000001e8cb564eb0 JavaThread "Unconstrained build operations Thread 103" [_thread_blocked, id=27100, stack(0x0000001dbc800000,0x0000001dbc900000)]
  0x000001e8cb5661f0 JavaThread "Unconstrained build operations Thread 104" [_thread_blocked, id=14768, stack(0x0000001dbc900000,0x0000001dbca00000)]
  0x000001e8cb560b50 JavaThread "Unconstrained build operations Thread 105" [_thread_blocked, id=17440, stack(0x0000001dbca00000,0x0000001dbcb00000)]
  0x000001e8cb567a00 JavaThread "Unconstrained build operations Thread 106" [_thread_blocked, id=13084, stack(0x0000001dbcb00000,0x0000001dbcc00000)]
  0x000001e8cb561020 JavaThread "Unconstrained build operations Thread 107" [_thread_blocked, id=24244, stack(0x0000001dbcc00000,0x0000001dbcd00000)]
  0x000001e8cb5649e0 JavaThread "Unconstrained build operations Thread 108" [_thread_blocked, id=4700, stack(0x0000001dbcd00000,0x0000001dbce00000)]
  0x000001e8cb561e90 JavaThread "Unconstrained build operations Thread 109" [_thread_blocked, id=2652, stack(0x0000001dbce00000,0x0000001dbcf00000)]
  0x000001e8cb5619c0 JavaThread "Unconstrained build operations Thread 110" [_thread_blocked, id=5672, stack(0x0000001dbcf00000,0x0000001dbd000000)]
  0x000001e8cb5636a0 JavaThread "Unconstrained build operations Thread 111" [_thread_blocked, id=22764, stack(0x0000001dbd000000,0x0000001dbd100000)]
  0x000001e8d1ac5d80 JavaThread "Unconstrained build operations Thread 112" [_thread_blocked, id=16876, stack(0x0000001dbd100000,0x0000001dbd200000)]
  0x000001e8d1ac1a20 JavaThread "Unconstrained build operations Thread 113" [_thread_blocked, id=24856, stack(0x0000001dbd200000,0x0000001dbd300000)]
  0x000001e8d1ac1080 JavaThread "Unconstrained build operations Thread 114" [_thread_blocked, id=17284, stack(0x0000001dbd300000,0x0000001dbd400000)]
  0x000001e8d1ac6250 JavaThread "Unconstrained build operations Thread 115" [_thread_blocked, id=12464, stack(0x0000001dbd400000,0x0000001dbd500000)]
  0x000001e8d1ac6720 JavaThread "Unconstrained build operations Thread 116" [_thread_blocked, id=8644, stack(0x0000001dbd500000,0x0000001dbd600000)]
  0x000001e8d1ac58b0 JavaThread "Unconstrained build operations Thread 117" [_thread_blocked, id=29456, stack(0x0000001dbd600000,0x0000001dbd700000)]
  0x000001e8d1ac40a0 JavaThread "Unconstrained build operations Thread 118" [_thread_blocked, id=11316, stack(0x0000001dbd700000,0x0000001dbd800000)]
  0x000001e8d1ac2890 JavaThread "Unconstrained build operations Thread 119" [_thread_blocked, id=29060, stack(0x0000001dbd800000,0x0000001dbd900000)]
  0x000001e8d1ac7a60 JavaThread "Unconstrained build operations Thread 120" [_thread_blocked, id=17844, stack(0x0000001dbd900000,0x0000001dbda00000)]
  0x000001e8d1ac1ef0 JavaThread "jar transforms Thread 6" [_thread_blocked, id=21896, stack(0x0000001dbda00000,0x0000001dbdb00000)]
  0x000001e8d1ac3bd0 JavaThread "jar transforms Thread 7" [_thread_blocked, id=27896, stack(0x0000001dbdb00000,0x0000001dbdc00000)]
  0x000001e8d1ac4570 JavaThread "jar transforms Thread 8" [_thread_blocked, id=28240, stack(0x0000001dbdc00000,0x0000001dbdd00000)]
  0x000001e8d1ac53e0 JavaThread "jar transforms Thread 9" [_thread_blocked, id=2004, stack(0x0000001dbdd00000,0x0000001dbde00000)]
  0x000001e8d1ac6bf0 JavaThread "jar transforms Thread 10" [_thread_blocked, id=29016, stack(0x0000001dbde00000,0x0000001dbdf00000)]
  0x000001e8d1ac3700 JavaThread "jar transforms Thread 11" [_thread_blocked, id=24864, stack(0x0000001dbdf00000,0x0000001dbe000000)]
  0x000001e8d1ac70c0 JavaThread "jar transforms Thread 12" [_thread_blocked, id=21792, stack(0x0000001dbe000000,0x0000001dbe100000)]
  0x000001e8d1ac7590 JavaThread "build event listener" [_thread_blocked, id=28280, stack(0x0000001dbe100000,0x0000001dbe200000)]
  0x000001e8d1ac3230 JavaThread "Memory manager" [_thread_blocked, id=10964, stack(0x0000001dbe200000,0x0000001dbe300000)]

Other Threads:
  0x000001e8c9b579f0 VMThread "VM Thread" [stack: 0x0000001db2a00000,0x0000001db2b00000] [id=28992]
  0x000001e8af932600 WatcherThread [stack: 0x0000001db3600000,0x0000001db3700000] [id=15996]
  0x000001e8af908740 GCTaskThread "GC Thread#0" [stack: 0x0000001db2500000,0x0000001db2600000] [id=22440]
  0x000001e8cb2c3ec0 GCTaskThread "GC Thread#1" [stack: 0x0000001db3800000,0x0000001db3900000] [id=28272]
  0x000001e8ca9695e0 GCTaskThread "GC Thread#2" [stack: 0x0000001db3900000,0x0000001db3a00000] [id=11008]
  0x000001e8cb2c36d0 GCTaskThread "GC Thread#3" [stack: 0x0000001db3a00000,0x0000001db3b00000] [id=18952]
  0x000001e8cae49700 GCTaskThread "GC Thread#4" [stack: 0x0000001db3700000,0x0000001db3800000] [id=18624]
  0x000001e8cd724390 GCTaskThread "GC Thread#5" [stack: 0x0000001db4500000,0x0000001db4600000] [id=5812]
  0x000001e8cd7248f0 GCTaskThread "GC Thread#6" [stack: 0x0000001db4600000,0x0000001db4700000] [id=25168]
  0x000001e8cd724640 GCTaskThread "GC Thread#7" [stack: 0x0000001db4700000,0x0000001db4800000] [id=25192]
  0x000001e8cd724ba0 GCTaskThread "GC Thread#8" [stack: 0x0000001db4800000,0x0000001db4900000] [id=21696]
  0x000001e8cd724e50 GCTaskThread "GC Thread#9" [stack: 0x0000001db4900000,0x0000001db4a00000] [id=26448]
  0x000001e8af919e20 ConcurrentGCThread "G1 Main Marker" [stack: 0x0000001db2600000,0x0000001db2700000] [id=4776]
  0x000001e8af91a830 ConcurrentGCThread "G1 Conc#0" [stack: 0x0000001db2700000,0x0000001db2800000] [id=27348]
  0x000001e8cd7238d0 ConcurrentGCThread "G1 Conc#1" [stack: 0x0000001db4a00000,0x0000001db4b00000] [id=10652]
  0x000001e8cd725100 ConcurrentGCThread "G1 Conc#2" [stack: 0x0000001db4b00000,0x0000001db4c00000] [id=19012]
  0x000001e8af9660c0 ConcurrentGCThread "G1 Refine#0" [stack: 0x0000001db2800000,0x0000001db2900000] [id=17744]
  0x000001e8af966ae0 ConcurrentGCThread "G1 Service" [stack: 0x0000001db2900000,0x0000001db2a00000] [id=19160]

Threads with active compile tasks:
C2 CompilerThread0    14498 7072   !   4       java.net.URLClassLoader$1::run (81 bytes)
C1 CompilerThread0    14499 7151   !   3       java.net.URL::<init> (543 bytes)
C2 CompilerThread1    14499 6896 %     4       org.gradle.internal.instantiation.generator.AbstractClassGenerator::inspectType @ 107 (560 bytes)
C2 CompilerThread2    14499 7071       4       java.net.URLClassLoader$1::run (5 bytes)

VM state: not at safepoint (normal execution)

VM Mutex/Monitor currently owned by a thread: None

Heap address: 0x0000000080000000, size: 2048 MB, Compressed Oops mode: 32-bit

CDS archive(s) not mapped
Compressed class space mapped at: 0x0000000100000000-0x0000000140000000, reserved size: 1073741824
Narrow klass base: 0x0000000000000000, Narrow klass shift: 3, Narrow klass range: 0x140000000

GC Precious Log:
 CPUs: 12 total, 12 available
 Memory: 5996M
 Large Page Support: Disabled
 NUMA Support: Disabled
 Compressed Oops: Enabled (32-bit)
 Heap Region Size: 1M
 Heap Min Capacity: 8M
 Heap Initial Capacity: 94M
 Heap Max Capacity: 2G
 Pre-touch: Disabled
 Parallel Workers: 10
 Concurrent Workers: 3
 Concurrent Refinement Workers: 10
 Periodic GC: Disabled

Heap:
 garbage-first heap   total 204800K, used 65277K [0x0000000080000000, 0x0000000100000000)
  region size 1024K, 14 young (14336K), 10 survivors (10240K)
 Metaspace       used 70962K, committed 71552K, reserved 1114112K
  class space    used 9375K, committed 9664K, reserved 1048576K

Heap Regions: E=young(eden), S=young(survivor), O=old, HS=humongous(starts), HC=humongous(continues), CS=collection set, F=free, OA=open archive, CA=closed archive, TAMS=top-at-mark-start (previous, next)
|   0|0x0000000080000000, 0x0000000080100000, 0x0000000080100000|100%|HS|  |TAMS 0x0000000080100000, 0x0000000080000000| Complete 
|   1|0x0000000080100000, 0x0000000080200000, 0x0000000080200000|100%|HC|  |TAMS 0x0000000080200000, 0x0000000080100000| Complete 
|   2|0x0000000080200000, 0x0000000080300000, 0x0000000080300000|100%|HC|  |TAMS 0x0000000080300000, 0x0000000080200000| Complete 
|   3|0x0000000080300000, 0x0000000080400000, 0x0000000080400000|100%|HC|  |TAMS 0x0000000080400000, 0x0000000080300000| Complete 
|   4|0x0000000080400000, 0x0000000080500000, 0x0000000080500000|100%| O|  |TAMS 0x0000000080500000, 0x0000000080400000| Untracked 
|   5|0x0000000080500000, 0x0000000080600000, 0x0000000080600000|100%| O|  |TAMS 0x0000000080600000, 0x0000000080500000| Untracked 
|   6|0x0000000080600000, 0x0000000080700000, 0x0000000080700000|100%| O|  |TAMS 0x0000000080700000, 0x0000000080600000| Untracked 
|   7|0x0000000080700000, 0x0000000080800000, 0x0000000080800000|100%| O|  |TAMS 0x0000000080800000, 0x0000000080700000| Untracked 
|   8|0x0000000080800000, 0x0000000080900000, 0x0000000080900000|100%| O|  |TAMS 0x0000000080900000, 0x0000000080800000| Untracked 
|   9|0x0000000080900000, 0x0000000080a00000, 0x0000000080a00000|100%| O|  |TAMS 0x0000000080a00000, 0x0000000080900000| Untracked 
|  10|0x0000000080a00000, 0x0000000080b00000, 0x0000000080b00000|100%| O|  |TAMS 0x0000000080b00000, 0x0000000080a00000| Untracked 
|  11|0x0000000080b00000, 0x0000000080c00000, 0x0000000080c00000|100%| O|  |TAMS 0x0000000080c00000, 0x0000000080b00000| Untracked 
|  12|0x0000000080c00000, 0x0000000080d00000, 0x0000000080d00000|100%| O|  |TAMS 0x0000000080d00000, 0x0000000080c00000| Untracked 
|  13|0x0000000080d00000, 0x0000000080d00000, 0x0000000080e00000|  0%| F|  |TAMS 0x0000000080d00000, 0x0000000080d00000| Untracked 
|  14|0x0000000080e00000, 0x0000000080f00000, 0x0000000080f00000|100%| O|  |TAMS 0x0000000080f00000, 0x0000000080e00000| Untracked 
|  15|0x0000000080f00000, 0x0000000081000000, 0x0000000081000000|100%| O|  |TAMS 0x0000000081000000, 0x0000000080f00000| Untracked 
|  16|0x0000000081000000, 0x0000000081100000, 0x0000000081100000|100%| O|  |TAMS 0x0000000081100000, 0x0000000081000000| Untracked 
|  17|0x0000000081100000, 0x0000000081200000, 0x0000000081200000|100%| O|  |TAMS 0x0000000081200000, 0x0000000081100000| Untracked 
|  18|0x0000000081200000, 0x0000000081300000, 0x0000000081300000|100%| O|  |TAMS 0x0000000081300000, 0x0000000081200000| Untracked 
|  19|0x0000000081300000, 0x0000000081400000, 0x0000000081400000|100%| O|  |TAMS 0x0000000081400000, 0x0000000081300000| Untracked 
|  20|0x0000000081400000, 0x0000000081500000, 0x0000000081500000|100%| O|  |TAMS 0x0000000081500000, 0x0000000081400000| Untracked 
|  21|0x0000000081500000, 0x0000000081600000, 0x0000000081600000|100%| O|  |TAMS 0x0000000081600000, 0x0000000081500000| Untracked 
|  22|0x0000000081600000, 0x0000000081700000, 0x0000000081700000|100%|HS|  |TAMS 0x0000000081700000, 0x0000000081600000| Complete 
|  23|0x0000000081700000, 0x0000000081800000, 0x0000000081800000|100%| O|  |TAMS 0x0000000081800000, 0x0000000081700000| Untracked 
|  24|0x0000000081800000, 0x0000000081900000, 0x0000000081900000|100%| O|  |TAMS 0x0000000081900000, 0x0000000081800000| Untracked 
|  25|0x0000000081900000, 0x0000000081a00000, 0x0000000081a00000|100%| O|  |TAMS 0x0000000081a00000, 0x0000000081900000| Untracked 
|  26|0x0000000081a00000, 0x0000000081b00000, 0x0000000081b00000|100%| O|  |TAMS 0x0000000081b00000, 0x0000000081a00000| Untracked 
|  27|0x0000000081b00000, 0x0000000081c00000, 0x0000000081c00000|100%| O|  |TAMS 0x0000000081c00000, 0x0000000081b00000| Untracked 
|  28|0x0000000081c00000, 0x0000000081d00000, 0x0000000081d00000|100%| O|  |TAMS 0x0000000081d00000, 0x0000000081c00000| Untracked 
|  29|0x0000000081d00000, 0x0000000081e00000, 0x0000000081e00000|100%| O|  |TAMS 0x0000000081e00000, 0x0000000081d00000| Untracked 
|  30|0x0000000081e00000, 0x0000000081f00000, 0x0000000081f00000|100%| O|  |TAMS 0x0000000081f00000, 0x0000000081e00000| Untracked 
|  31|0x0000000081f00000, 0x0000000082000000, 0x0000000082000000|100%| O|  |TAMS 0x0000000082000000, 0x0000000081f00000| Untracked 
|  32|0x0000000082000000, 0x0000000082100000, 0x0000000082100000|100%| O|  |TAMS 0x0000000082100000, 0x0000000082000000| Untracked 
|  33|0x0000000082100000, 0x0000000082200000, 0x0000000082200000|100%| O|  |TAMS 0x0000000082200000, 0x0000000082100000| Untracked 
|  34|0x0000000082200000, 0x0000000082200000, 0x0000000082300000|  0%| F|  |TAMS 0x0000000082200000, 0x0000000082200000| Untracked 
|  35|0x0000000082300000, 0x0000000082400000, 0x0000000082400000|100%| O|  |TAMS 0x0000000082400000, 0x0000000082300000| Untracked 
|  36|0x0000000082400000, 0x0000000082500000, 0x0000000082500000|100%|HS|  |TAMS 0x0000000082500000, 0x0000000082400000| Complete 
|  37|0x0000000082500000, 0x0000000082600000, 0x0000000082600000|100%|HS|  |TAMS 0x0000000082600000, 0x0000000082500000| Complete 
|  38|0x0000000082600000, 0x0000000082700000, 0x0000000082700000|100%|HC|  |TAMS 0x0000000082700000, 0x0000000082600000| Complete 
|  39|0x0000000082700000, 0x0000000082800000, 0x0000000082800000|100%|HS|  |TAMS 0x0000000082800000, 0x0000000082700000| Complete 
|  40|0x0000000082800000, 0x0000000082900000, 0x0000000082900000|100%|HS|  |TAMS 0x0000000082900000, 0x0000000082800000| Complete 
|  41|0x0000000082900000, 0x0000000082a00000, 0x0000000082a00000|100%|HC|  |TAMS 0x0000000082a00000, 0x0000000082900000| Complete 
|  42|0x0000000082a00000, 0x0000000082b00000, 0x0000000082b00000|100%|HC|  |TAMS 0x0000000082b00000, 0x0000000082a00000| Complete 
|  43|0x0000000082b00000, 0x0000000082c00000, 0x0000000082c00000|100%|HC|  |TAMS 0x0000000082c00000, 0x0000000082b00000| Complete 
|  44|0x0000000082c00000, 0x0000000082d00000, 0x0000000082d00000|100%| O|  |TAMS 0x0000000082d00000, 0x0000000082c00000| Untracked 
|  45|0x0000000082d00000, 0x0000000082e00000, 0x0000000082e00000|100%| O|  |TAMS 0x0000000082e00000, 0x0000000082d00000| Untracked 
|  46|0x0000000082e00000, 0x0000000082f00000, 0x0000000082f00000|100%| O|  |TAMS 0x0000000082f00000, 0x0000000082e00000| Untracked 
|  47|0x0000000082f00000, 0x0000000082facc00, 0x0000000083000000| 67%| O|  |TAMS 0x0000000082f38600, 0x0000000082f00000| Untracked 
|  48|0x0000000083000000, 0x0000000083100000, 0x0000000083100000|100%| O|  |TAMS 0x0000000083100000, 0x0000000083000000| Untracked 
|  49|0x0000000083100000, 0x0000000083200000, 0x0000000083200000|100%| O|  |TAMS 0x0000000083200000, 0x0000000083100000| Untracked 
|  50|0x0000000083200000, 0x0000000083200000, 0x0000000083300000|  0%| F|  |TAMS 0x0000000083200000, 0x0000000083200000| Untracked 
|  51|0x0000000083300000, 0x0000000083300000, 0x0000000083400000|  0%| F|  |TAMS 0x0000000083300000, 0x0000000083300000| Untracked 
|  52|0x0000000083400000, 0x0000000083400000, 0x0000000083500000|  0%| F|  |TAMS 0x0000000083400000, 0x0000000083400000| Untracked 
|  53|0x0000000083500000, 0x0000000083500000, 0x0000000083600000|  0%| F|  |TAMS 0x0000000083500000, 0x0000000083500000| Untracked 
|  54|0x0000000083600000, 0x0000000083600000, 0x0000000083700000|  0%| F|  |TAMS 0x0000000083600000, 0x0000000083600000| Untracked 
|  55|0x0000000083700000, 0x0000000083700000, 0x0000000083800000|  0%| F|  |TAMS 0x0000000083700000, 0x0000000083700000| Untracked 
|  56|0x0000000083800000, 0x0000000083800000, 0x0000000083900000|  0%| F|  |TAMS 0x0000000083800000, 0x0000000083800000| Untracked 
|  57|0x0000000083900000, 0x0000000083900000, 0x0000000083a00000|  0%| F|  |TAMS 0x0000000083900000, 0x0000000083900000| Untracked 
|  58|0x0000000083a00000, 0x0000000083a00000, 0x0000000083b00000|  0%| F|  |TAMS 0x0000000083a00000, 0x0000000083a00000| Untracked 
|  59|0x0000000083b00000, 0x0000000083b00000, 0x0000000083c00000|  0%| F|  |TAMS 0x0000000083b00000, 0x0000000083b00000| Untracked 
|  60|0x0000000083c00000, 0x0000000083c00000, 0x0000000083d00000|  0%| F|  |TAMS 0x0000000083c00000, 0x0000000083c00000| Untracked 
|  61|0x0000000083d00000, 0x0000000083d00000, 0x0000000083e00000|  0%| F|  |TAMS 0x0000000083d00000, 0x0000000083d00000| Untracked 
|  62|0x0000000083e00000, 0x0000000083e00000, 0x0000000083f00000|  0%| F|  |TAMS 0x0000000083e00000, 0x0000000083e00000| Untracked 
|  63|0x0000000083f00000, 0x0000000083f00000, 0x0000000084000000|  0%| F|  |TAMS 0x0000000083f00000, 0x0000000083f00000| Untracked 
|  64|0x0000000084000000, 0x0000000084000000, 0x0000000084100000|  0%| F|  |TAMS 0x0000000084000000, 0x0000000084000000| Untracked 
|  65|0x0000000084100000, 0x0000000084100000, 0x0000000084200000|  0%| F|  |TAMS 0x0000000084100000, 0x0000000084100000| Untracked 
|  66|0x0000000084200000, 0x0000000084200000, 0x0000000084300000|  0%| F|  |TAMS 0x0000000084200000, 0x0000000084200000| Untracked 
|  67|0x0000000084300000, 0x0000000084300000, 0x0000000084400000|  0%| F|  |TAMS 0x0000000084300000, 0x0000000084300000| Untracked 
|  68|0x0000000084400000, 0x0000000084400000, 0x0000000084500000|  0%| F|  |TAMS 0x0000000084400000, 0x0000000084400000| Untracked 
|  69|0x0000000084500000, 0x0000000084500000, 0x0000000084600000|  0%| F|  |TAMS 0x0000000084500000, 0x0000000084500000| Untracked 
|  70|0x0000000084600000, 0x0000000084600000, 0x0000000084700000|  0%| F|  |TAMS 0x0000000084600000, 0x0000000084600000| Untracked 
|  71|0x0000000084700000, 0x0000000084700000, 0x0000000084800000|  0%| F|  |TAMS 0x0000000084700000, 0x0000000084700000| Untracked 
|  72|0x0000000084800000, 0x0000000084800000, 0x0000000084900000|  0%| F|  |TAMS 0x0000000084800000, 0x0000000084800000| Untracked 
|  73|0x0000000084900000, 0x0000000084900000, 0x0000000084a00000|  0%| F|  |TAMS 0x0000000084900000, 0x0000000084900000| Untracked 
|  74|0x0000000084a00000, 0x0000000084a00000, 0x0000000084b00000|  0%| F|  |TAMS 0x0000000084a00000, 0x0000000084a00000| Untracked 
|  75|0x0000000084b00000, 0x0000000084b00000, 0x0000000084c00000|  0%| F|  |TAMS 0x0000000084b00000, 0x0000000084b00000| Untracked 
|  76|0x0000000084c00000, 0x0000000084c00000, 0x0000000084d00000|  0%| F|  |TAMS 0x0000000084c00000, 0x0000000084c00000| Untracked 
|  77|0x0000000084d00000, 0x0000000084d00000, 0x0000000084e00000|  0%| F|  |TAMS 0x0000000084d00000, 0x0000000084d00000| Untracked 
|  78|0x0000000084e00000, 0x0000000084e129a8, 0x0000000084f00000|  7%| S|CS|TAMS 0x0000000084e00000, 0x0000000084e00000| Complete 
|  79|0x0000000084f00000, 0x0000000085000000, 0x0000000085000000|100%| S|CS|TAMS 0x0000000084f00000, 0x0000000084f00000| Complete 
|  80|0x0000000085000000, 0x0000000085100000, 0x0000000085100000|100%| S|CS|TAMS 0x0000000085000000, 0x0000000085000000| Complete 
|  81|0x0000000085100000, 0x0000000085200000, 0x0000000085200000|100%| S|CS|TAMS 0x0000000085100000, 0x0000000085100000| Complete 
|  82|0x0000000085200000, 0x0000000085300000, 0x0000000085300000|100%| S|CS|TAMS 0x0000000085200000, 0x0000000085200000| Complete 
|  83|0x0000000085300000, 0x0000000085400000, 0x0000000085400000|100%| S|CS|TAMS 0x0000000085300000, 0x0000000085300000| Complete 
|  84|0x0000000085400000, 0x0000000085500000, 0x0000000085500000|100%| S|CS|TAMS 0x0000000085400000, 0x0000000085400000| Complete 
|  85|0x0000000085500000, 0x0000000085600000, 0x0000000085600000|100%| S|CS|TAMS 0x0000000085500000, 0x0000000085500000| Complete 
|  86|0x0000000085600000, 0x0000000085700000, 0x0000000085700000|100%| S|CS|TAMS 0x0000000085600000, 0x0000000085600000| Complete 
|  87|0x0000000085700000, 0x0000000085800000, 0x0000000085800000|100%| S|CS|TAMS 0x0000000085700000, 0x0000000085700000| Complete 
|  88|0x0000000085800000, 0x0000000085800000, 0x0000000085900000|  0%| F|  |TAMS 0x0000000085800000, 0x0000000085800000| Untracked 
|  89|0x0000000085900000, 0x0000000085900000, 0x0000000085a00000|  0%| F|  |TAMS 0x0000000085900000, 0x0000000085900000| Untracked 
|  90|0x0000000085a00000, 0x0000000085a00000, 0x0000000085b00000|  0%| F|  |TAMS 0x0000000085a00000, 0x0000000085a00000| Untracked 
|  91|0x0000000085b00000, 0x0000000085b00000, 0x0000000085c00000|  0%| F|  |TAMS 0x0000000085b00000, 0x0000000085b00000| Untracked 
|  92|0x0000000085c00000, 0x0000000085c00000, 0x0000000085d00000|  0%| F|  |TAMS 0x0000000085c00000, 0x0000000085c00000| Untracked 
|  93|0x0000000085d00000, 0x0000000085d00000, 0x0000000085e00000|  0%| F|  |TAMS 0x0000000085d00000, 0x0000000085d00000| Untracked 
|  94|0x0000000085e00000, 0x0000000085e00000, 0x0000000085f00000|  0%| F|  |TAMS 0x0000000085e00000, 0x0000000085e00000| Untracked 
|  95|0x0000000085f00000, 0x0000000085f00000, 0x0000000086000000|  0%| F|  |TAMS 0x0000000085f00000, 0x0000000085f00000| Untracked 
|  96|0x0000000086000000, 0x0000000086000000, 0x0000000086100000|  0%| F|  |TAMS 0x0000000086000000, 0x0000000086000000| Untracked 
|  97|0x0000000086100000, 0x0000000086100000, 0x0000000086200000|  0%| F|  |TAMS 0x0000000086100000, 0x0000000086100000| Untracked 
|  98|0x0000000086200000, 0x0000000086200000, 0x0000000086300000|  0%| F|  |TAMS 0x0000000086200000, 0x0000000086200000| Untracked 
|  99|0x0000000086300000, 0x0000000086300000, 0x0000000086400000|  0%| F|  |TAMS 0x0000000086300000, 0x0000000086300000| Untracked 
| 100|0x0000000086400000, 0x0000000086400000, 0x0000000086500000|  0%| F|  |TAMS 0x0000000086400000, 0x0000000086400000| Untracked 
| 101|0x0000000086500000, 0x0000000086500000, 0x0000000086600000|  0%| F|  |TAMS 0x0000000086500000, 0x0000000086500000| Untracked 
| 102|0x0000000086600000, 0x0000000086600000, 0x0000000086700000|  0%| F|  |TAMS 0x0000000086600000, 0x0000000086600000| Untracked 
| 103|0x0000000086700000, 0x0000000086700000, 0x0000000086800000|  0%| F|  |TAMS 0x0000000086700000, 0x0000000086700000| Untracked 
| 104|0x0000000086800000, 0x0000000086800000, 0x0000000086900000|  0%| F|  |TAMS 0x0000000086800000, 0x0000000086800000| Untracked 
| 105|0x0000000086900000, 0x0000000086900000, 0x0000000086a00000|  0%| F|  |TAMS 0x0000000086900000, 0x0000000086900000| Untracked 
| 106|0x0000000086a00000, 0x0000000086a00000, 0x0000000086b00000|  0%| F|  |TAMS 0x0000000086a00000, 0x0000000086a00000| Untracked 
| 107|0x0000000086b00000, 0x0000000086b00000, 0x0000000086c00000|  0%| F|  |TAMS 0x0000000086b00000, 0x0000000086b00000| Untracked 
| 108|0x0000000086c00000, 0x0000000086c00000, 0x0000000086d00000|  0%| F|  |TAMS 0x0000000086c00000, 0x0000000086c00000| Untracked 
| 109|0x0000000086d00000, 0x0000000086d00000, 0x0000000086e00000|  0%| F|  |TAMS 0x0000000086d00000, 0x0000000086d00000| Untracked 
| 110|0x0000000086e00000, 0x0000000086e00000, 0x0000000086f00000|  0%| F|  |TAMS 0x0000000086e00000, 0x0000000086e00000| Untracked 
| 111|0x0000000086f00000, 0x0000000086f00000, 0x0000000087000000|  0%| F|  |TAMS 0x0000000086f00000, 0x0000000086f00000| Untracked 
| 112|0x0000000087000000, 0x0000000087000000, 0x0000000087100000|  0%| F|  |TAMS 0x0000000087000000, 0x0000000087000000| Untracked 
| 113|0x0000000087100000, 0x0000000087100000, 0x0000000087200000|  0%| F|  |TAMS 0x0000000087100000, 0x0000000087100000| Untracked 
| 114|0x0000000087200000, 0x0000000087200000, 0x0000000087300000|  0%| F|  |TAMS 0x0000000087200000, 0x0000000087200000| Untracked 
| 115|0x0000000087300000, 0x0000000087300000, 0x0000000087400000|  0%| F|  |TAMS 0x0000000087300000, 0x0000000087300000| Untracked 
| 116|0x0000000087400000, 0x0000000087400000, 0x0000000087500000|  0%| F|  |TAMS 0x0000000087400000, 0x0000000087400000| Untracked 
| 117|0x0000000087500000, 0x0000000087500000, 0x0000000087600000|  0%| F|  |TAMS 0x0000000087500000, 0x0000000087500000| Untracked 
| 118|0x0000000087600000, 0x0000000087600000, 0x0000000087700000|  0%| F|  |TAMS 0x0000000087600000, 0x0000000087600000| Untracked 
| 119|0x0000000087700000, 0x0000000087700000, 0x0000000087800000|  0%| F|  |TAMS 0x0000000087700000, 0x0000000087700000| Untracked 
| 120|0x0000000087800000, 0x0000000087800000, 0x0000000087900000|  0%| F|  |TAMS 0x0000000087800000, 0x0000000087800000| Untracked 
| 121|0x0000000087900000, 0x0000000087900000, 0x0000000087a00000|  0%| F|  |TAMS 0x0000000087900000, 0x0000000087900000| Untracked 
| 122|0x0000000087a00000, 0x0000000087a00000, 0x0000000087b00000|  0%| F|  |TAMS 0x0000000087a00000, 0x0000000087a00000| Untracked 
| 123|0x0000000087b00000, 0x0000000087b00000, 0x0000000087c00000|  0%| F|  |TAMS 0x0000000087b00000, 0x0000000087b00000| Untracked 
| 124|0x0000000087c00000, 0x0000000087c00000, 0x0000000087d00000|  0%| F|  |TAMS 0x0000000087c00000, 0x0000000087c00000| Untracked 
| 125|0x0000000087d00000, 0x0000000087d00000, 0x0000000087e00000|  0%| F|  |TAMS 0x0000000087d00000, 0x0000000087d00000| Untracked 
| 126|0x0000000087e00000, 0x0000000087e00000, 0x0000000087f00000|  0%| F|  |TAMS 0x0000000087e00000, 0x0000000087e00000| Untracked 
| 127|0x0000000087f00000, 0x0000000087f00000, 0x0000000088000000|  0%| F|  |TAMS 0x0000000087f00000, 0x0000000087f00000| Untracked 
| 128|0x0000000088000000, 0x0000000088000000, 0x0000000088100000|  0%| F|  |TAMS 0x0000000088000000, 0x0000000088000000| Untracked 
| 129|0x0000000088100000, 0x0000000088100000, 0x0000000088200000|  0%| F|  |TAMS 0x0000000088100000, 0x0000000088100000| Untracked 
| 130|0x0000000088200000, 0x0000000088200000, 0x0000000088300000|  0%| F|  |TAMS 0x0000000088200000, 0x0000000088200000| Untracked 
| 131|0x0000000088300000, 0x0000000088300000, 0x0000000088400000|  0%| F|  |TAMS 0x0000000088300000, 0x0000000088300000| Untracked 
| 132|0x0000000088400000, 0x0000000088400000, 0x0000000088500000|  0%| F|  |TAMS 0x0000000088400000, 0x0000000088400000| Untracked 
| 133|0x0000000088500000, 0x0000000088500000, 0x0000000088600000|  0%| F|  |TAMS 0x0000000088500000, 0x0000000088500000| Untracked 
| 134|0x0000000088600000, 0x0000000088600000, 0x0000000088700000|  0%| F|  |TAMS 0x0000000088600000, 0x0000000088600000| Untracked 
| 135|0x0000000088700000, 0x0000000088700000, 0x0000000088800000|  0%| F|  |TAMS 0x0000000088700000, 0x0000000088700000| Untracked 
| 136|0x0000000088800000, 0x0000000088800000, 0x0000000088900000|  0%| F|  |TAMS 0x0000000088800000, 0x0000000088800000| Untracked 
| 137|0x0000000088900000, 0x0000000088900000, 0x0000000088a00000|  0%| F|  |TAMS 0x0000000088900000, 0x0000000088900000| Untracked 
| 138|0x0000000088a00000, 0x0000000088a00000, 0x0000000088b00000|  0%| F|  |TAMS 0x0000000088a00000, 0x0000000088a00000| Untracked 
| 139|0x0000000088b00000, 0x0000000088b00000, 0x0000000088c00000|  0%| F|  |TAMS 0x0000000088b00000, 0x0000000088b00000| Untracked 
| 140|0x0000000088c00000, 0x0000000088c00000, 0x0000000088d00000|  0%| F|  |TAMS 0x0000000088c00000, 0x0000000088c00000| Untracked 
| 141|0x0000000088d00000, 0x0000000088d00000, 0x0000000088e00000|  0%| F|  |TAMS 0x0000000088d00000, 0x0000000088d00000| Untracked 
| 142|0x0000000088e00000, 0x0000000088e00000, 0x0000000088f00000|  0%| F|  |TAMS 0x0000000088e00000, 0x0000000088e00000| Untracked 
| 143|0x0000000088f00000, 0x0000000088f00000, 0x0000000089000000|  0%| F|  |TAMS 0x0000000088f00000, 0x0000000088f00000| Untracked 
| 144|0x0000000089000000, 0x0000000089000000, 0x0000000089100000|  0%| F|  |TAMS 0x0000000089000000, 0x0000000089000000| Untracked 
| 145|0x0000000089100000, 0x0000000089100000, 0x0000000089200000|  0%| F|  |TAMS 0x0000000089100000, 0x0000000089100000| Untracked 
| 146|0x0000000089200000, 0x0000000089200000, 0x0000000089300000|  0%| F|  |TAMS 0x0000000089200000, 0x0000000089200000| Untracked 
| 147|0x0000000089300000, 0x0000000089300000, 0x0000000089400000|  0%| F|  |TAMS 0x0000000089300000, 0x0000000089300000| Untracked 
| 148|0x0000000089400000, 0x0000000089400000, 0x0000000089500000|  0%| F|  |TAMS 0x0000000089400000, 0x0000000089400000| Untracked 
| 149|0x0000000089500000, 0x0000000089500000, 0x0000000089600000|  0%| F|  |TAMS 0x0000000089500000, 0x0000000089500000| Untracked 
| 150|0x0000000089600000, 0x0000000089600000, 0x0000000089700000|  0%| F|  |TAMS 0x0000000089600000, 0x0000000089600000| Untracked 
| 151|0x0000000089700000, 0x0000000089700000, 0x0000000089800000|  0%| F|  |TAMS 0x0000000089700000, 0x0000000089700000| Untracked 
| 152|0x0000000089800000, 0x0000000089800000, 0x0000000089900000|  0%| F|  |TAMS 0x0000000089800000, 0x0000000089800000| Untracked 
| 153|0x0000000089900000, 0x0000000089900000, 0x0000000089a00000|  0%| F|  |TAMS 0x0000000089900000, 0x0000000089900000| Untracked 
| 154|0x0000000089a00000, 0x0000000089a00000, 0x0000000089b00000|  0%| F|  |TAMS 0x0000000089a00000, 0x0000000089a00000| Untracked 
| 155|0x0000000089b00000, 0x0000000089b00000, 0x0000000089c00000|  0%| F|  |TAMS 0x0000000089b00000, 0x0000000089b00000| Untracked 
| 156|0x0000000089c00000, 0x0000000089c00000, 0x0000000089d00000|  0%| F|  |TAMS 0x0000000089c00000, 0x0000000089c00000| Untracked 
| 157|0x0000000089d00000, 0x0000000089d00000, 0x0000000089e00000|  0%| F|  |TAMS 0x0000000089d00000, 0x0000000089d00000| Untracked 
| 158|0x0000000089e00000, 0x0000000089e00000, 0x0000000089f00000|  0%| F|  |TAMS 0x0000000089e00000, 0x0000000089e00000| Untracked 
| 159|0x0000000089f00000, 0x0000000089f00000, 0x000000008a000000|  0%| F|  |TAMS 0x0000000089f00000, 0x0000000089f00000| Untracked 
| 160|0x000000008a000000, 0x000000008a000000, 0x000000008a100000|  0%| F|  |TAMS 0x000000008a000000, 0x000000008a000000| Untracked 
| 161|0x000000008a100000, 0x000000008a100000, 0x000000008a200000|  0%| F|  |TAMS 0x000000008a100000, 0x000000008a100000| Untracked 
| 162|0x000000008a200000, 0x000000008a200000, 0x000000008a300000|  0%| F|  |TAMS 0x000000008a200000, 0x000000008a200000| Untracked 
| 163|0x000000008a300000, 0x000000008a300000, 0x000000008a400000|  0%| F|  |TAMS 0x000000008a300000, 0x000000008a300000| Untracked 
| 164|0x000000008a400000, 0x000000008a400000, 0x000000008a500000|  0%| F|  |TAMS 0x000000008a400000, 0x000000008a400000| Untracked 
| 165|0x000000008a500000, 0x000000008a500000, 0x000000008a600000|  0%| F|  |TAMS 0x000000008a500000, 0x000000008a500000| Untracked 
| 166|0x000000008a600000, 0x000000008a600000, 0x000000008a700000|  0%| F|  |TAMS 0x000000008a600000, 0x000000008a600000| Untracked 
| 167|0x000000008a700000, 0x000000008a700000, 0x000000008a800000|  0%| F|  |TAMS 0x000000008a700000, 0x000000008a700000| Untracked 
| 168|0x000000008a800000, 0x000000008a800000, 0x000000008a900000|  0%| F|  |TAMS 0x000000008a800000, 0x000000008a800000| Untracked 
| 169|0x000000008a900000, 0x000000008a900000, 0x000000008aa00000|  0%| F|  |TAMS 0x000000008a900000, 0x000000008a900000| Untracked 
| 170|0x000000008aa00000, 0x000000008aa00000, 0x000000008ab00000|  0%| F|  |TAMS 0x000000008aa00000, 0x000000008aa00000| Untracked 
| 171|0x000000008ab00000, 0x000000008ab00000, 0x000000008ac00000|  0%| F|  |TAMS 0x000000008ab00000, 0x000000008ab00000| Untracked 
| 172|0x000000008ac00000, 0x000000008ac00000, 0x000000008ad00000|  0%| F|  |TAMS 0x000000008ac00000, 0x000000008ac00000| Untracked 
| 173|0x000000008ad00000, 0x000000008ad00000, 0x000000008ae00000|  0%| F|  |TAMS 0x000000008ad00000, 0x000000008ad00000| Untracked 
| 174|0x000000008ae00000, 0x000000008ae00000, 0x000000008af00000|  0%| F|  |TAMS 0x000000008ae00000, 0x000000008ae00000| Untracked 
| 175|0x000000008af00000, 0x000000008af00000, 0x000000008b000000|  0%| F|  |TAMS 0x000000008af00000, 0x000000008af00000| Untracked 
| 176|0x000000008b000000, 0x000000008b000000, 0x000000008b100000|  0%| F|  |TAMS 0x000000008b000000, 0x000000008b000000| Untracked 
| 177|0x000000008b100000, 0x000000008b100000, 0x000000008b200000|  0%| F|  |TAMS 0x000000008b100000, 0x000000008b100000| Untracked 
| 178|0x000000008b200000, 0x000000008b200000, 0x000000008b300000|  0%| F|  |TAMS 0x000000008b200000, 0x000000008b200000| Untracked 
| 179|0x000000008b300000, 0x000000008b300000, 0x000000008b400000|  0%| F|  |TAMS 0x000000008b300000, 0x000000008b300000| Untracked 
| 180|0x000000008b400000, 0x000000008b400000, 0x000000008b500000|  0%| F|  |TAMS 0x000000008b400000, 0x000000008b400000| Untracked 
| 181|0x000000008b500000, 0x000000008b500000, 0x000000008b600000|  0%| F|  |TAMS 0x000000008b500000, 0x000000008b500000| Untracked 
| 182|0x000000008b600000, 0x000000008b600000, 0x000000008b700000|  0%| F|  |TAMS 0x000000008b600000, 0x000000008b600000| Untracked 
| 183|0x000000008b700000, 0x000000008b700000, 0x000000008b800000|  0%| F|  |TAMS 0x000000008b700000, 0x000000008b700000| Untracked 
| 184|0x000000008b800000, 0x000000008b800000, 0x000000008b900000|  0%| F|  |TAMS 0x000000008b800000, 0x000000008b800000| Untracked 
| 185|0x000000008b900000, 0x000000008b900000, 0x000000008ba00000|  0%| F|  |TAMS 0x000000008b900000, 0x000000008b900000| Untracked 
| 186|0x000000008ba00000, 0x000000008ba00000, 0x000000008bb00000|  0%| F|  |TAMS 0x000000008ba00000, 0x000000008ba00000| Untracked 
| 187|0x000000008bb00000, 0x000000008bb00000, 0x000000008bc00000|  0%| F|  |TAMS 0x000000008bb00000, 0x000000008bb00000| Untracked 
| 188|0x000000008bc00000, 0x000000008bc00000, 0x000000008bd00000|  0%| F|  |TAMS 0x000000008bc00000, 0x000000008bc00000| Untracked 
| 189|0x000000008bd00000, 0x000000008bd00000, 0x000000008be00000|  0%| F|  |TAMS 0x000000008bd00000, 0x000000008bd00000| Untracked 
| 190|0x000000008be00000, 0x000000008be00000, 0x000000008bf00000|  0%| F|  |TAMS 0x000000008be00000, 0x000000008be00000| Untracked 
| 191|0x000000008bf00000, 0x000000008bf00000, 0x000000008c000000|  0%| F|  |TAMS 0x000000008bf00000, 0x000000008bf00000| Untracked 
| 192|0x000000008c000000, 0x000000008c100000, 0x000000008c100000|100%| E|  |TAMS 0x000000008c000000, 0x000000008c000000| Complete 
| 193|0x000000008c100000, 0x000000008c200000, 0x000000008c200000|100%| E|CS|TAMS 0x000000008c100000, 0x000000008c100000| Complete 
| 194|0x000000008c200000, 0x000000008c300000, 0x000000008c300000|100%| E|CS|TAMS 0x000000008c200000, 0x000000008c200000| Complete 
| 195|0x000000008c300000, 0x000000008c400000, 0x000000008c400000|100%| E|CS|TAMS 0x000000008c300000, 0x000000008c300000| Complete 
|2044|0x00000000ffc00000, 0x00000000ffd00000, 0x00000000ffd00000|100%| O|  |TAMS 0x00000000ffd00000, 0x00000000ffc00000| Untracked 
|2045|0x00000000ffd00000, 0x00000000ffe00000, 0x00000000ffe00000|100%| O|  |TAMS 0x00000000ffe00000, 0x00000000ffd00000| Untracked 
|2046|0x00000000ffe00000, 0x00000000fff00000, 0x00000000fff00000|100%| O|  |TAMS 0x00000000fff00000, 0x00000000ffe00000| Untracked 
|2047|0x00000000fff00000, 0x0000000100000000, 0x0000000100000000|100%| O|  |TAMS 0x0000000100000000, 0x00000000fff00000| Untracked 

Card table byte_map: [0x000001e8c26d0000,0x000001e8c2ad0000] _byte_map_base: 0x000001e8c22d0000

Marking Bits (Prev, Next): (CMBitMap*) 0x000001e8af908d90, (CMBitMap*) 0x000001e8af908d50
 Prev Bits: [0x000001e8c4ed0000, 0x000001e8c6ed0000)
 Next Bits: [0x000001e8c2ed0000, 0x000001e8c4ed0000)

Polling page: 0x000001e8af070000

Metaspace:

Usage:
  Non-class:     60.18 MB used.
      Class:      9.16 MB used.
       Both:     69.34 MB used.

Virtual space:
  Non-class space:       64.00 MB reserved,      60.44 MB ( 94%) committed,  8 nodes.
      Class space:        1.00 GB reserved,       9.44 MB ( <1%) committed,  1 nodes.
             Both:        1.06 GB reserved,      69.88 MB (  6%) committed. 

Chunk freelists:
   Non-Class:  3.25 MB
       Class:  2.41 MB
        Both:  5.66 MB

MaxMetaspaceSize: unlimited
CompressedClassSpaceSize: 1.00 GB
Initial GC threshold: 21.00 MB
Current GC threshold: 90.31 MB
CDS: off
MetaspaceReclaimPolicy: balanced
 - commit_granule_bytes: 65536.
 - commit_granule_words: 8192.
 - virtual_space_node_default_size: 1048576.
 - enlarge_chunks_in_place: 1.
 - new_chunks_are_fully_committed: 0.
 - uncommit_free_chunks: 1.
 - use_allocation_guard: 0.
 - handle_deallocations: 1.


Internal statistics:

num_allocs_failed_limit: 6.
num_arena_births: 730.
num_arena_deaths: 0.
num_vsnodes_births: 9.
num_vsnodes_deaths: 0.
num_space_committed: 1119.
num_space_uncommitted: 0.
num_chunks_returned_to_freelist: 6.
num_chunks_taken_from_freelist: 3071.
num_chunk_merges: 6.
num_chunk_splits: 2077.
num_chunks_enlarged: 1449.
num_purges: 0.
num_inconsistent_stats: 0.

CodeHeap 'non-profiled nmethods': size=120000Kb used=3458Kb max_used=3458Kb free=116541Kb
 bounds [0x000001e8ba840000, 0x000001e8babb0000, 0x000001e8c1d70000]
CodeHeap 'profiled nmethods': size=120000Kb used=11889Kb max_used=11889Kb free=108110Kb
 bounds [0x000001e8b2d70000, 0x000001e8b3910000, 0x000001e8ba2a0000]
CodeHeap 'non-nmethods': size=5760Kb used=2401Kb max_used=2410Kb free=3358Kb
 bounds [0x000001e8ba2a0000, 0x000001e8ba510000, 0x000001e8ba840000]
 total_blobs=7209 nmethods=6322 adapters=797
 compilation: enabled
              stopped_count=0, restarted_count=0
 full_count=0

Compilation events (20 events):
Event: 14.416 Thread 0x000001e8ca4340b0 7137       3       java.beans.PropertyDescriptor::setClass0 (25 bytes)
Event: 14.417 Thread 0x000001e8ca4340b0 nmethod 7137 0x000001e8b38fc390 code [0x000001e8b38fc5c0, 0x000001e8b38fd058]
Event: 14.417 Thread 0x000001e8ca4340b0 7138       3       java.beans.PropertyDescriptor::setWriteMethod0 (49 bytes)
Event: 14.418 Thread 0x000001e8ca4340b0 nmethod 7138 0x000001e8b38fd310 code [0x000001e8b38fd6c0, 0x000001e8b38ff2a8]
Event: 14.418 Thread 0x000001e8ca4340b0 7139       3       java.util.Collections$SynchronizedCollection::iterator (10 bytes)
Event: 14.418 Thread 0x000001e8ca4340b0 nmethod 7139 0x000001e8b38ffa10 code [0x000001e8b38ffbc0, 0x000001e8b38ffd88]
Event: 14.418 Thread 0x000001e8ca4340b0 7140       3       java.beans.FeatureDescriptor::<init> (137 bytes)
Event: 14.419 Thread 0x000001e8ca4340b0 nmethod 7140 0x000001e8b38ffe90 code [0x000001e8b3900120, 0x000001e8b3900f38]
Event: 14.419 Thread 0x000001e8ca4340b0 7141       3       com.sun.beans.introspect.PropertyInfo::getInfo (61 bytes)
Event: 14.420 Thread 0x000001e8ca4340b0 nmethod 7141 0x000001e8b3901290 code [0x000001e8b3901480, 0x000001e8b3901b78]
Event: 14.420 Thread 0x000001e8ca4340b0 7142       3       com.sun.beans.introspect.MethodInfo::resolve (12 bytes)
Event: 14.420 Thread 0x000001e8ca4340b0 nmethod 7142 0x000001e8b3901d90 code [0x000001e8b3901fa0, 0x000001e8b39024d8]
Event: 14.420 Thread 0x000001e8ca4340b0 7144       3       java.util.Collections$SynchronizedCollection::<init> (24 bytes)
Event: 14.421 Thread 0x000001e8ca4340b0 nmethod 7144 0x000001e8b3902710 code [0x000001e8b3902900, 0x000001e8b3902ed8]
Event: 14.421 Thread 0x000001e8ca4340b0 7146       3       java.util.stream.SpinedBuffer::ensureCapacity (138 bytes)
Event: 14.421 Thread 0x000001e8ca4340b0 nmethod 7146 0x000001e8b3903090 code [0x000001e8b39032e0, 0x000001e8b39041c8]
Event: 14.421 Thread 0x000001e8ca4340b0 7145       3       java.util.Collections::synchronizedSet (10 bytes)
Event: 14.422 Thread 0x000001e8ca4340b0 nmethod 7145 0x000001e8b3904690 code [0x000001e8b3904880, 0x000001e8b3904f58]
Event: 14.450 Thread 0x000001e8ca4340b0 7147       1       org.gradle.api.internal.attributes.DefaultAttributeMatchingStrategy::getCompatibilityRules (5 bytes)
Event: 14.450 Thread 0x000001e8ca4340b0 nmethod 7147 0x000001e8baba0310 code [0x000001e8baba04a0, 0x000001e8baba0578]

GC Heap History (20 events):
Event: 11.536 GC heap before
{Heap before GC invocations=14 (full 0):
 garbage-first heap   total 68608K, used 52147K [0x0000000080000000, 0x0000000100000000)
  region size 1024K, 22 young (22528K), 3 survivors (3072K)
 Metaspace       used 52082K, committed 52544K, reserved 1097728K
  class space    used 6989K, committed 7168K, reserved 1048576K
}
Event: 11.540 GC heap after
{Heap after GC invocations=15 (full 0):
 garbage-first heap   total 68608K, used 33767K [0x0000000080000000, 0x0000000100000000)
  region size 1024K, 3 young (3072K), 3 survivors (3072K)
 Metaspace       used 52082K, committed 52544K, reserved 1097728K
  class space    used 6989K, committed 7168K, reserved 1048576K
}
Event: 11.979 GC heap before
{Heap before GC invocations=16 (full 0):
 garbage-first heap   total 68608K, used 53223K [0x0000000080000000, 0x0000000100000000)
  region size 1024K, 22 young (22528K), 3 survivors (3072K)
 Metaspace       used 52867K, committed 53312K, reserved 1097728K
  class space    used 7084K, committed 7296K, reserved 1048576K
}
Event: 11.982 GC heap after
{Heap after GC invocations=17 (full 0):
 garbage-first heap   total 68608K, used 35792K [0x0000000080000000, 0x0000000100000000)
  region size 1024K, 3 young (3072K), 3 survivors (3072K)
 Metaspace       used 52867K, committed 53312K, reserved 1097728K
  class space    used 7084K, committed 7296K, reserved 1048576K
}
Event: 11.987 GC heap before
{Heap before GC invocations=17 (full 0):
 garbage-first heap   total 68608K, used 36816K [0x0000000080000000, 0x0000000100000000)
  region size 1024K, 4 young (4096K), 3 survivors (3072K)
 Metaspace       used 52879K, committed 53312K, reserved 1097728K
  class space    used 7085K, committed 7296K, reserved 1048576K
}
Event: 11.991 GC heap after
{Heap after GC invocations=18 (full 0):
 garbage-first heap   total 68608K, used 35728K [0x0000000080000000, 0x0000000100000000)
  region size 1024K, 1 young (1024K), 1 survivors (1024K)
 Metaspace       used 52879K, committed 53312K, reserved 1097728K
  class space    used 7085K, committed 7296K, reserved 1048576K
}
Event: 12.222 GC heap before
{Heap before GC invocations=18 (full 0):
 garbage-first heap   total 68608K, used 54160K [0x0000000080000000, 0x0000000100000000)
  region size 1024K, 19 young (19456K), 1 survivors (1024K)
 Metaspace       used 53282K, committed 53760K, reserved 1097728K
  class space    used 7124K, committed 7296K, reserved 1048576K
}
Event: 12.225 GC heap after
{Heap after GC invocations=19 (full 0):
 garbage-first heap   total 68608K, used 37929K [0x0000000080000000, 0x0000000100000000)
  region size 1024K, 3 young (3072K), 3 survivors (3072K)
 Metaspace       used 53282K, committed 53760K, reserved 1097728K
  class space    used 7124K, committed 7296K, reserved 1048576K
}
Event: 12.515 GC heap before
{Heap before GC invocations=20 (full 0):
 garbage-first heap   total 68608K, used 60457K [0x0000000080000000, 0x0000000100000000)
  region size 1024K, 17 young (17408K), 3 survivors (3072K)
 Metaspace       used 54035K, committed 54528K, reserved 1097728K
  class space    used 7224K, committed 7424K, reserved 1048576K
}
Event: 12.519 GC heap after
{Heap after GC invocations=21 (full 0):
 garbage-first heap   total 72704K, used 53877K [0x0000000080000000, 0x0000000100000000)
  region size 1024K, 3 young (3072K), 3 survivors (3072K)
 Metaspace       used 54035K, committed 54528K, reserved 1097728K
  class space    used 7224K, committed 7424K, reserved 1048576K
}
Event: 12.529 GC heap before
{Heap before GC invocations=21 (full 0):
 garbage-first heap   total 72704K, used 54901K [0x0000000080000000, 0x0000000100000000)
  region size 1024K, 4 young (4096K), 3 survivors (3072K)
 Metaspace       used 54199K, committed 54656K, reserved 1097728K
  class space    used 7234K, committed 7424K, reserved 1048576K
}
Event: 12.531 GC heap after
{Heap after GC invocations=22 (full 0):
 garbage-first heap   total 72704K, used 53580K [0x0000000080000000, 0x0000000100000000)
  region size 1024K, 1 young (1024K), 1 survivors (1024K)
 Metaspace       used 54199K, committed 54656K, reserved 1097728K
  class space    used 7234K, committed 7424K, reserved 1048576K
}
Event: 12.579 GC heap before
{Heap before GC invocations=22 (full 0):
 garbage-first heap   total 72704K, used 57676K [0x0000000080000000, 0x0000000100000000)
  region size 1024K, 6 young (6144K), 1 survivors (1024K)
 Metaspace       used 54880K, committed 55360K, reserved 1097728K
  class space    used 7322K, committed 7552K, reserved 1048576K
}
Event: 12.580 GC heap after
{Heap after GC invocations=23 (full 0):
 garbage-first heap   total 72704K, used 53740K [0x0000000080000000, 0x0000000100000000)
  region size 1024K, 1 young (1024K), 1 survivors (1024K)
 Metaspace       used 54880K, committed 55360K, reserved 1097728K
  class space    used 7322K, committed 7552K, reserved 1048576K
}
Event: 12.670 GC heap before
{Heap before GC invocations=24 (full 0):
 garbage-first heap   total 96256K, used 59884K [0x0000000080000000, 0x0000000100000000)
  region size 1024K, 7 young (7168K), 1 survivors (1024K)
 Metaspace       used 55598K, committed 56000K, reserved 1097728K
  class space    used 7438K, committed 7616K, reserved 1048576K
}
Event: 12.673 GC heap after
{Heap after GC invocations=25 (full 0):
 garbage-first heap   total 204800K, used 53992K [0x0000000080000000, 0x0000000100000000)
  region size 1024K, 1 young (1024K), 1 survivors (1024K)
 Metaspace       used 55598K, committed 56000K, reserved 1097728K
  class space    used 7438K, committed 7616K, reserved 1048576K
}
Event: 12.826 GC heap before
{Heap before GC invocations=25 (full 0):
 garbage-first heap   total 204800K, used 63208K [0x0000000080000000, 0x0000000100000000)
  region size 1024K, 10 young (10240K), 1 survivors (1024K)
 Metaspace       used 56900K, committed 57344K, reserved 1105920K
  class space    used 7620K, committed 7808K, reserved 1048576K
}
Event: 12.829 GC heap after
{Heap after GC invocations=26 (full 0):
 garbage-first heap   total 204800K, used 53852K [0x0000000080000000, 0x0000000100000000)
  region size 1024K, 1 young (1024K), 1 survivors (1024K)
 Metaspace       used 56900K, committed 57344K, reserved 1105920K
  class space    used 7620K, committed 7808K, reserved 1048576K
}
Event: 14.437 GC heap before
{Heap before GC invocations=26 (full 0):
 garbage-first heap   total 204800K, used 169564K [0x0000000080000000, 0x0000000100000000)
  region size 1024K, 108 young (110592K), 1 survivors (1024K)
 Metaspace       used 70553K, committed 71104K, reserved 1114112K
  class space    used 9321K, committed 9600K, reserved 1048576K
}
Event: 14.447 GC heap after
{Heap after GC invocations=27 (full 0):
 garbage-first heap   total 204800K, used 62205K [0x0000000080000000, 0x0000000100000000)
  region size 1024K, 10 young (10240K), 10 survivors (10240K)
 Metaspace       used 70553K, committed 71104K, reserved 1114112K
  class space    used 9321K, committed 9600K, reserved 1048576K
}

Dll operation events (2 events):
Event: 0.030 Loaded shared library C:\Program Files\Android\Android Studio\jbr\bin\java.dll
Event: 0.506 Loaded shared library C:\Program Files\Android\Android Studio\jbr\bin\verify.dll

Deoptimization events (20 events):
Event: 14.233 Thread 0x000001e8cb78cc70 Uncommon trap: trap_request=0xffffffc6 fr.pc=0x000001e8bab9a834 relative=0x0000000000000b14
Event: 14.233 Thread 0x000001e8cb78cc70 Uncommon trap: reason=bimorphic_or_optimized_type_check action=maybe_recompile pc=0x000001e8bab9a834 method=java.util.Hashtable.put(Ljava/lang/Object;Ljava/lang/Object;)Ljava/lang/Object; @ 18 c2
Event: 14.233 Thread 0x000001e8cb78cc70 DEOPT PACKING pc=0x000001e8bab9a834 sp=0x0000001db41f6d90
Event: 14.233 Thread 0x000001e8cb78cc70 DEOPT UNPACKING pc=0x000001e8ba2f69a3 sp=0x0000001db41f6d58 mode 2
Event: 14.233 Thread 0x000001e8cb78cc70 Uncommon trap: trap_request=0xffffffc6 fr.pc=0x000001e8ba93a79c relative=0x000000000000083c
Event: 14.233 Thread 0x000001e8cb78cc70 Uncommon trap: reason=bimorphic_or_optimized_type_check action=maybe_recompile pc=0x000001e8ba93a79c method=java.util.Hashtable.get(Ljava/lang/Object;)Ljava/lang/Object; @ 6 c2
Event: 14.233 Thread 0x000001e8cb78cc70 DEOPT PACKING pc=0x000001e8ba93a79c sp=0x0000001db41f6db0
Event: 14.233 Thread 0x000001e8cb78cc70 DEOPT UNPACKING pc=0x000001e8ba2f69a3 sp=0x0000001db41f6d60 mode 2
Event: 14.233 Thread 0x000001e8cb78cc70 Uncommon trap: trap_request=0xffffffc6 fr.pc=0x000001e8bab9a834 relative=0x0000000000000b14
Event: 14.233 Thread 0x000001e8cb78cc70 Uncommon trap: reason=bimorphic_or_optimized_type_check action=maybe_recompile pc=0x000001e8bab9a834 method=java.util.Hashtable.put(Ljava/lang/Object;Ljava/lang/Object;)Ljava/lang/Object; @ 18 c2
Event: 14.233 Thread 0x000001e8cb78cc70 DEOPT PACKING pc=0x000001e8bab9a834 sp=0x0000001db41f6d90
Event: 14.233 Thread 0x000001e8cb78cc70 DEOPT UNPACKING pc=0x000001e8ba2f69a3 sp=0x0000001db41f6d58 mode 2
Event: 14.245 Thread 0x000001e8cb78cc70 DEOPT PACKING pc=0x000001e8b326d5ce sp=0x0000001db41f6d90
Event: 14.245 Thread 0x000001e8cb78cc70 DEOPT UNPACKING pc=0x000001e8ba2f7143 sp=0x0000001db41f6258 mode 0
Event: 14.245 Thread 0x000001e8cb78cc70 DEOPT PACKING pc=0x000001e8b326d5ce sp=0x0000001db41f6d90
Event: 14.245 Thread 0x000001e8cb78cc70 DEOPT UNPACKING pc=0x000001e8ba2f7143 sp=0x0000001db41f6258 mode 0
Event: 14.250 Thread 0x000001e8cb78cc70 Uncommon trap: trap_request=0xffffff45 fr.pc=0x000001e8ba8e6550 relative=0x0000000000000530
Event: 14.250 Thread 0x000001e8cb78cc70 Uncommon trap: reason=unstable_if action=reinterpret pc=0x000001e8ba8e6550 method=java.lang.String.replace(CC)Ljava/lang/String; @ 2 c2
Event: 14.250 Thread 0x000001e8cb78cc70 DEOPT PACKING pc=0x000001e8ba8e6550 sp=0x0000001db41f6e70
Event: 14.250 Thread 0x000001e8cb78cc70 DEOPT UNPACKING pc=0x000001e8ba2f69a3 sp=0x0000001db41f6e20 mode 2

Classes unloaded (0 events):
No events

Classes redefined (0 events):
No events

Internal exceptions (20 events):
Event: 14.259 Thread 0x000001e8cb78cc70 Exception <a 'java/lang/ClassNotFoundException'{0x000000008624e688}: org/gradle/api/AntBuilderBeanInfo> (0x000000008624e688) 
thrown [s\src\hotspot\share\classfile\systemDictionary.cpp, line 256]
Event: 14.260 Thread 0x000001e8cb78cc70 Exception <a 'java/lang/ClassNotFoundException'{0x0000000086265d68}: groovy/ant/AntBuilderBeanInfo> (0x0000000086265d68) 
thrown [s\src\hotspot\share\classfile\systemDictionary.cpp, line 256]
Event: 14.262 Thread 0x000001e8cb78cc70 Exception <a 'java/lang/ClassNotFoundException'{0x00000000862cc3a8}: groovy/util/BuilderSupportBeanInfo> (0x00000000862cc3a8) 
thrown [s\src\hotspot\share\classfile\systemDictionary.cpp, line 256]
Event: 14.264 Thread 0x000001e8cb78cc70 Exception <a 'java/lang/ClassNotFoundException'{0x0000000086132c78}: groovy/util/BuilderSupportCustomizer> (0x0000000086132c78) 
thrown [s\src\hotspot\share\classfile\systemDictionary.cpp, line 256]
Event: 14.265 Thread 0x000001e8cb78cc70 Exception <a 'java/lang/ClassNotFoundException'{0x000000008614c8d0}: groovy/ant/AntBuilderCustomizer> (0x000000008614c8d0) 
thrown [s\src\hotspot\share\classfile\systemDictionary.cpp, line 256]
Event: 14.266 Thread 0x000001e8cb78cc70 Exception <a 'java/lang/ClassNotFoundException'{0x0000000086166c58}: org/gradle/api/AntBuilderCustomizer> (0x0000000086166c58) 
thrown [s\src\hotspot\share\classfile\systemDictionary.cpp, line 256]
Event: 14.267 Thread 0x000001e8cb78cc70 Exception <a 'java/lang/ClassNotFoundException'{0x0000000086187628}: org/gradle/api/internal/project/ant/BasicAntBuilderCustomizer> (0x0000000086187628) 
thrown [s\src\hotspot\share\classfile\systemDictionary.cpp, line 256]
Event: 14.268 Thread 0x000001e8cb78cc70 Exception <a 'java/lang/ClassNotFoundException'{0x00000000861af288}: org/gradle/api/internal/project/DefaultAntBuilderCustomizer> (0x00000000861af288) 
thrown [s\src\hotspot\share\classfile\systemDictionary.cpp, line 256]
Event: 14.404 Thread 0x000001e8cb78cc70 Exception <a 'java/lang/ClassNotFoundException'{0x0000000085a72b38}: org/gradle/api/plugins/internal/DefaultBasePluginConvention_DecoratedBeanInfo> (0x0000000085a72b38) 
thrown [s\src\hotspot\share\classfile\systemDictionary.cpp, line 256]
Event: 14.405 Thread 0x000001e8cb78cc70 Exception <a 'java/lang/ClassNotFoundException'{0x0000000085a89500}: org/gradle/api/plugins/internal/DefaultBasePluginConventionBeanInfo> (0x0000000085a89500) 
thrown [s\src\hotspot\share\classfile\systemDictionary.cpp, line 256]
Event: 14.405 Thread 0x000001e8cb78cc70 Exception <a 'java/lang/ClassNotFoundException'{0x0000000085a9f590}: org/gradle/api/plugins/BasePluginConventionBeanInfo> (0x0000000085a9f590) 
thrown [s\src\hotspot\share\classfile\systemDictionary.cpp, line 256]
Event: 14.406 Thread 0x000001e8cb78cc70 Exception <a 'java/lang/ClassNotFoundException'{0x0000000085ab55e8}: org/gradle/api/plugins/BasePluginConventionCustomizer> (0x0000000085ab55e8) 
thrown [s\src\hotspot\share\classfile\systemDictionary.cpp, line 256]
Event: 14.407 Thread 0x000001e8cb78cc70 Exception <a 'java/lang/ClassNotFoundException'{0x0000000085ad5e30}: org/gradle/api/plugins/internal/DefaultBasePluginConventionCustomizer> (0x0000000085ad5e30) 
thrown [s\src\hotspot\share\classfile\systemDictionary.cpp, line 256]
Event: 14.409 Thread 0x000001e8cb78cc70 Exception <a 'java/lang/ClassNotFoundException'{0x0000000085afeac0}: org/gradle/api/plugins/internal/DefaultBasePluginConvention_DecoratedCustomizer> (0x0000000085afeac0) 
thrown [s\src\hotspot\share\classfile\systemDictionary.cpp, line 256]
Event: 14.414 Thread 0x000001e8cb78cc70 Exception <a 'java/lang/ClassNotFoundException'{0x0000000085977108}: org/gradle/api/plugins/internal/DefaultJavaPluginConvention_DecoratedBeanInfo> (0x0000000085977108) 
thrown [s\src\hotspot\share\classfile\systemDictionary.cpp, line 256]
Event: 14.414 Thread 0x000001e8cb78cc70 Exception <a 'java/lang/ClassNotFoundException'{0x000000008598db90}: org/gradle/api/plugins/internal/DefaultJavaPluginConventionBeanInfo> (0x000000008598db90) 
thrown [s\src\hotspot\share\classfile\systemDictionary.cpp, line 256]
Event: 14.415 Thread 0x000001e8cb78cc70 Exception <a 'java/lang/ClassNotFoundException'{0x00000000859a3c20}: org/gradle/api/plugins/JavaPluginConventionBeanInfo> (0x00000000859a3c20) 
thrown [s\src\hotspot\share\classfile\systemDictionary.cpp, line 256]
Event: 14.416 Thread 0x000001e8cb78cc70 Exception <a 'java/lang/ClassNotFoundException'{0x00000000859b9c78}: org/gradle/api/plugins/JavaPluginConventionCustomizer> (0x00000000859b9c78) 
thrown [s\src\hotspot\share\classfile\systemDictionary.cpp, line 256]
Event: 14.417 Thread 0x000001e8cb78cc70 Exception <a 'java/lang/ClassNotFoundException'{0x00000000859e4138}: org/gradle/api/plugins/internal/DefaultJavaPluginConventionCustomizer> (0x00000000859e4138) 
thrown [s\src\hotspot\share\classfile\systemDictionary.cpp, line 256]
Event: 14.419 Thread 0x000001e8cb78cc70 Exception <a 'java/lang/ClassNotFoundException'{0x0000000085821488}: org/gradle/api/plugins/internal/DefaultJavaPluginConvention_DecoratedCustomizer> (0x0000000085821488) 
thrown [s\src\hotspot\share\classfile\systemDictionary.cpp, line 256]

VM Operations (20 events):
Event: 12.826 Executing VM operation: G1CollectForAllocation
Event: 12.829 Executing VM operation: G1CollectForAllocation done
Event: 13.521 Executing VM operation: HandshakeAllThreads
Event: 13.522 Executing VM operation: HandshakeAllThreads done
Event: 13.557 Executing VM operation: ICBufferFull
Event: 13.557 Executing VM operation: ICBufferFull done
Event: 13.571 Executing VM operation: HandshakeAllThreads
Event: 13.572 Executing VM operation: HandshakeAllThreads done
Event: 13.930 Executing VM operation: ICBufferFull
Event: 13.931 Executing VM operation: ICBufferFull done
Event: 14.157 Executing VM operation: HandshakeAllThreads
Event: 14.157 Executing VM operation: HandshakeAllThreads done
Event: 14.277 Executing VM operation: ICBufferFull
Event: 14.277 Executing VM operation: ICBufferFull done
Event: 14.341 Executing VM operation: HandshakeAllThreads
Event: 14.342 Executing VM operation: HandshakeAllThreads done
Event: 14.396 Executing VM operation: HandshakeAllThreads
Event: 14.397 Executing VM operation: HandshakeAllThreads done
Event: 14.437 Executing VM operation: G1CollectForAllocation
Event: 14.448 Executing VM operation: G1CollectForAllocation done

Events (20 events):
Event: 14.217 loading class org/xml/sax/EntityResolver
Event: 14.217 loading class org/xml/sax/EntityResolver done
Event: 14.217 loading class org/xml/sax/DTDHandler
Event: 14.217 loading class org/xml/sax/DTDHandler done
Event: 14.228 loading class java/util/Spliterators$IntArraySpliterator
Event: 14.228 loading class java/util/Spliterators$IntArraySpliterator done
Event: 14.232 loading class java/text/ParsePosition
Event: 14.232 loading class java/text/ParsePosition done
Event: 14.238 loading class java/text/CharacterIterator
Event: 14.239 loading class java/text/CharacterIterator done
Event: 14.290 loading class java/time/format/DateTimeFormatterBuilder$WeekBasedFieldPrinterParser
Event: 14.290 loading class java/time/format/DateTimeFormatterBuilder$WeekBasedFieldPrinterParser done
Event: 14.300 loading class com/sun/jmx/mbeanserver/StandardMBeanSupport
Event: 14.300 loading class com/sun/jmx/mbeanserver/StandardMBeanSupport done
Event: 14.300 loading class com/sun/jmx/mbeanserver/StandardMBeanIntrospector
Event: 14.300 loading class com/sun/jmx/mbeanserver/StandardMBeanIntrospector done
Event: 14.333 loading class java/util/concurrent/LinkedBlockingDeque$Itr
Event: 14.333 loading class java/util/concurrent/LinkedBlockingDeque$AbstractItr
Event: 14.334 loading class java/util/concurrent/LinkedBlockingDeque$AbstractItr done
Event: 14.334 loading class java/util/concurrent/LinkedBlockingDeque$Itr done


Dynamic libraries:
0x00007ff656770000 - 0x00007ff65677a000 	C:\Program Files\Android\Android Studio\jbr\bin\java.exe
0x00007fff11370000 - 0x00007fff11584000 	C:\WINDOWS\SYSTEM32\ntdll.dll
0x00007fff10ed0000 - 0x00007fff10f94000 	C:\WINDOWS\System32\KERNEL32.DLL
0x00007fff0ed20000 - 0x00007fff0f0c4000 	C:\WINDOWS\System32\KERNELBASE.dll
0x00007fff0e7e0000 - 0x00007fff0e8f1000 	C:\WINDOWS\System32\ucrtbase.dll
0x00007ffef7560000 - 0x00007ffef7577000 	C:\Program Files\Android\Android Studio\jbr\bin\jli.dll
0x00007ffef73c0000 - 0x00007ffef73db000 	C:\Program Files\Android\Android Studio\jbr\bin\VCRUNTIME140.dll
0x00007fff0f530000 - 0x00007fff0f6de000 	C:\WINDOWS\System32\USER32.dll
0x00007fff0f0d0000 - 0x00007fff0f0f6000 	C:\WINDOWS\System32\win32u.dll
0x00007ffefb870000 - 0x00007ffefbb03000 	C:\WINDOWS\WinSxS\amd64_microsoft.windows.common-controls_6595b64144ccf1df_6.0.22621.2215_none_270d72677387dfc3\COMCTL32.dll
0x00007fff11010000 - 0x00007fff11039000 	C:\WINDOWS\System32\GDI32.dll
0x00007fff10330000 - 0x00007fff103d7000 	C:\WINDOWS\System32\msvcrt.dll
0x00007fff0ea70000 - 0x00007fff0eb88000 	C:\WINDOWS\System32\gdi32full.dll
0x00007fff0ec00000 - 0x00007fff0ec9a000 	C:\WINDOWS\System32\msvcp_win.dll
0x00007fff10e90000 - 0x00007fff10ec1000 	C:\WINDOWS\System32\IMM32.DLL
0x00007ffef75e0000 - 0x00007ffef75ec000 	C:\Program Files\Android\Android Studio\jbr\bin\vcruntime140_1.dll
0x00007ffef1630000 - 0x00007ffef16bd000 	C:\Program Files\Android\Android Studio\jbr\bin\msvcp140.dll
0x00007ffe82220000 - 0x00007ffe82e8e000 	C:\Program Files\Android\Android Studio\jbr\bin\server\jvm.dll
0x00007fff11160000 - 0x00007fff11210000 	C:\WINDOWS\System32\ADVAPI32.dll
0x00007fff110a0000 - 0x00007fff11146000 	C:\WINDOWS\System32\sechost.dll
0x00007fff11210000 - 0x00007fff11327000 	C:\WINDOWS\System32\RPCRT4.dll
0x00007fff04560000 - 0x00007fff04594000 	C:\WINDOWS\SYSTEM32\WINMM.dll
0x00007ffeed3e0000 - 0x00007ffeed3e9000 	C:\WINDOWS\SYSTEM32\WSOCK32.dll
0x00007fff06ac0000 - 0x00007fff06aca000 	C:\WINDOWS\SYSTEM32\VERSION.dll
0x00007fff10df0000 - 0x00007fff10e61000 	C:\WINDOWS\System32\WS2_32.dll
0x00007fff0d5d0000 - 0x00007fff0d5e8000 	C:\WINDOWS\SYSTEM32\kernel.appcore.dll
0x00007fff09850000 - 0x00007fff0985a000 	C:\Program Files\Android\Android Studio\jbr\bin\jimage.dll
0x00007fff0bef0000 - 0x00007fff0c11e000 	C:\WINDOWS\SYSTEM32\DBGHELP.DLL
0x00007fff0f9f0000 - 0x00007fff0fd7a000 	C:\WINDOWS\System32\combase.dll
0x00007fff103e0000 - 0x00007fff104b7000 	C:\WINDOWS\System32\OLEAUT32.dll
0x00007ffef44c0000 - 0x00007ffef44f2000 	C:\WINDOWS\SYSTEM32\dbgcore.DLL
0x00007fff0eca0000 - 0x00007fff0ed1a000 	C:\WINDOWS\System32\bcryptPrimitives.dll
0x00007ffef78e0000 - 0x00007ffef7905000 	C:\Program Files\Android\Android Studio\jbr\bin\java.dll
0x00007ffef76b0000 - 0x00007ffef76c8000 	C:\Program Files\Android\Android Studio\jbr\bin\zip.dll
0x00007fff105c0000 - 0x00007fff10de3000 	C:\WINDOWS\System32\SHELL32.dll
0x00007fff0c6b0000 - 0x00007fff0cf9a000 	C:\WINDOWS\SYSTEM32\windows.storage.dll
0x00007fff0c570000 - 0x00007fff0c6ae000 	C:\WINDOWS\SYSTEM32\wintypes.dll
0x00007fff0f430000 - 0x00007fff0f523000 	C:\WINDOWS\System32\SHCORE.dll
0x00007fff0fe30000 - 0x00007fff0fe8e000 	C:\WINDOWS\System32\shlwapi.dll
0x00007fff0e650000 - 0x00007fff0e676000 	C:\WINDOWS\SYSTEM32\profapi.dll
0x00007ffef7690000 - 0x00007ffef76a9000 	C:\Program Files\Android\Android Studio\jbr\bin\net.dll
0x00007fff073b0000 - 0x00007fff074e7000 	C:\WINDOWS\SYSTEM32\WINHTTP.dll
0x00007fff0dbf0000 - 0x00007fff0dc59000 	C:\WINDOWS\system32\mswsock.dll
0x00007ffef75c0000 - 0x00007ffef75d6000 	C:\Program Files\Android\Android Studio\jbr\bin\nio.dll
0x00007fff097f0000 - 0x00007fff09800000 	C:\Program Files\Android\Android Studio\jbr\bin\verify.dll
0x00007ffef7590000 - 0x00007ffef75b7000 	C:\Users\abura\.gradle\native\68d5fa5c4cc2d200863cafc0d521ce42e7d3e7ee720ec0a83991735586a16f82\windows-amd64\native-platform.dll
0x00007ffef6590000 - 0x00007ffef66d4000 	C:\Users\abura\.gradle\native\e376f236ea51e6404a007f0833ffe2c6e607c4080706a723a18a27aeea778392\windows-amd64\native-platform-file-events.dll
0x00007fff097a0000 - 0x00007fff097a9000 	C:\Program Files\Android\Android Studio\jbr\bin\management.dll
0x00007ffefdb30000 - 0x00007ffefdb3b000 	C:\Program Files\Android\Android Studio\jbr\bin\management_ext.dll
0x00007fff0fe20000 - 0x00007fff0fe28000 	C:\WINDOWS\System32\PSAPI.DLL
0x00007fff0de40000 - 0x00007fff0de5b000 	C:\WINDOWS\SYSTEM32\CRYPTSP.dll
0x00007fff0d700000 - 0x00007fff0d735000 	C:\WINDOWS\system32\rsaenh.dll
0x00007fff0dce0000 - 0x00007fff0dd0c000 	C:\WINDOWS\SYSTEM32\USERENV.dll
0x00007fff0e000000 - 0x00007fff0e028000 	C:\WINDOWS\SYSTEM32\bcrypt.dll
0x00007fff0de60000 - 0x00007fff0de6c000 	C:\WINDOWS\SYSTEM32\CRYPTBASE.dll
0x00007fff0d200000 - 0x00007fff0d22d000 	C:\WINDOWS\SYSTEM32\IPHLPAPI.DLL
0x00007fff0fe90000 - 0x00007fff0fe99000 	C:\WINDOWS\System32\NSI.dll
0x00007fff06f40000 - 0x00007fff06f59000 	C:\WINDOWS\SYSTEM32\dhcpcsvc6.DLL
0x00007fff06e00000 - 0x00007fff06e1f000 	C:\WINDOWS\SYSTEM32\dhcpcsvc.DLL
0x00007fff0d270000 - 0x00007fff0d362000 	C:\WINDOWS\SYSTEM32\DNSAPI.dll
0x00007ffef1bd0000 - 0x00007ffef1bd8000 	C:\WINDOWS\system32\wshunix.dll

dbghelp: loaded successfully - version: 4.0.5 - missing functions: none
symbol engine: initialized successfully - sym options: 0x614 - pdb path: .;C:\Program Files\Android\Android Studio\jbr\bin;C:\WINDOWS\SYSTEM32;C:\WINDOWS\WinSxS\amd64_microsoft.windows.common-controls_6595b64144ccf1df_6.0.22621.2215_none_270d72677387dfc3;C:\Program Files\Android\Android Studio\jbr\bin\server;C:\Users\abura\.gradle\native\68d5fa5c4cc2d200863cafc0d521ce42e7d3e7ee720ec0a83991735586a16f82\windows-amd64;C:\Users\abura\.gradle\native\e376f236ea51e6404a007f0833ffe2c6e607c4080706a723a18a27aeea778392\windows-amd64

VM Arguments:
jvm_args: --add-opens=java.base/java.util=ALL-UNNAMED --add-opens=java.base/java.lang=ALL-UNNAMED --add-opens=java.base/java.lang.invoke=ALL-UNNAMED --add-opens=java.prefs/java.util.prefs=ALL-UNNAMED --add-opens=java.base/java.nio.charset=ALL-UNNAMED --add-opens=java.base/java.net=ALL-UNNAMED --add-opens=java.base/java.util.concurrent.atomic=ALL-UNNAMED -Xmx2048m -Dfile.encoding=UTF-8 -Duser.country=US -Duser.language=en -Duser.variant 
java_command: org.gradle.launcher.daemon.bootstrap.GradleDaemon 8.0
java_class_path (initial): C:\Users\abura\.gradle\wrapper\dists\gradle-8.0-bin\ca5e32bp14vu59qr306oxotwh\gradle-8.0\lib\gradle-launcher-8.0.jar
Launcher Type: SUN_STANDARD

[Global flags]
     intx CICompilerCount                          = 4                                         {product} {ergonomic}
     uint ConcGCThreads                            = 3                                         {product} {ergonomic}
     uint G1ConcRefinementThreads                  = 10                                        {product} {ergonomic}
   size_t G1HeapRegionSize                         = 1048576                                   {product} {ergonomic}
    uintx GCDrainStackTargetSize                   = 64                                        {product} {ergonomic}
   size_t InitialHeapSize                          = 98566144                                  {product} {ergonomic}
   size_t MarkStackSize                            = 4194304                                   {product} {ergonomic}
   size_t MaxHeapSize                              = 2147483648                                {product} {command line}
   size_t MaxNewSize                               = 1287651328                                {product} {ergonomic}
   size_t MinHeapDeltaBytes                        = 1048576                                   {product} {ergonomic}
   size_t MinHeapSize                              = 8388608                                   {product} {ergonomic}
    uintx NonNMethodCodeHeapSize                   = 5839372                                {pd product} {ergonomic}
    uintx NonProfiledCodeHeapSize                  = 122909434                              {pd product} {ergonomic}
    uintx ProfiledCodeHeapSize                     = 122909434                              {pd product} {ergonomic}
    uintx ReservedCodeCacheSize                    = 251658240                              {pd product} {ergonomic}
     bool SegmentedCodeCache                       = true                                      {product} {ergonomic}
   size_t SoftMaxHeapSize                          = 2147483648                             {manageable} {ergonomic}
     bool UseCompressedClassPointers               = true                           {product lp64_product} {ergonomic}
     bool UseCompressedOops                        = true                           {product lp64_product} {ergonomic}
     bool UseG1GC                                  = true                                      {product} {ergonomic}
     bool UseLargePagesIndividualAllocation        = false                                  {pd product} {ergonomic}

Logging:
Log output configuration:
 #0: stdout all=warning uptime,level,tags
 #1: stderr all=off uptime,level,tags

Environment Variables:
JAVA_HOME=C:\Program Files\Java\jdk-18.0.1.1
PATH=C:\Program Files (x86)\Common Files\Oracle\Java\javapath;C:\Python311\Scripts\;C:\Python311\;C:\Program Files\Eclipse Adoptium\jdk-17.0.6.10-hotspot\bin;C:\Program Files\Eclipse Adoptium\jdk-8.0.362.9-hotspot\bin;C:\Program Files\Common Files\Oracle\Java\javapath;C:\Windows\system32;C:\Windows;C:\Windows\System32\Wbem;C:\Windows\System32\WindowsPowerShell\v1.0\;C:\Windows\System32\OpenSSH\;C:\Program Files (x86)\NVIDIA Corporation\PhysX\Common;C:\Program Files\Git\cmd;C:\Program Files\dotnet\;C:\WINDOWS\system32;C:\WINDOWS;C:\WINDOWS\System32\Wbem;C:\WINDOWS\System32\WindowsPowerShell\v1.0\;C:\WINDOWS\System32\OpenSSH\;C:\Program Files (x86)\dotnet\;C:\Program Files\GitHub CLI\;C:\Program Files\NVIDIA Corporation\NVIDIA NvDLISR;C:\Program Files\Microsoft SQL Server\Client SDK\ODBC\170\Tools\Binn\;C:\Program Files (x86)\Microsoft SQL Server\150\Tools\Binn\;C:\Program Files\Microsoft SQL Server\150\Tools\Binn\;C:\Program Files\Microsoft SQL Server\150\DTS\Binn\;C:\WINDOWS\system32;C:\WINDOWS;C:\WINDOWS\System32\Wbem;C:\WINDOWS\System32\WindowsPowerShell\v1.0\;C:\WINDOWS\System32\OpenSSH\;C:\ProgramData\chocolatey\bin;C:\Program Files\nodejs\;C:\Program Files\Common Files\Oracle\Java\javapath;C:\Program Files\Eclipse Adoptium\jdk-17.0.6.10-hotspot\bin;C:\Program Files\Eclipse Adoptium\jdk-8.0.362.9-hotspot\bin;C:\Program Files (x86)\Common Files\Oracle\Java\javapath;C:\Windows\system32;C:\Windows;C:\Windows\System32\Wbem;C:\Windows\System32\WindowsPowerShell\v1.0\;C:\Windows\System32\OpenSSH\;C:\Program Files (x86)\NVIDIA Corporation\PhysX\Common;C:\Program Files\nodejs\;C:\Program Files\Git\cmd;C:\Program Files\dotnet\;C:\WINDOWS\system32;C:\WINDOWS;C:\WINDOWS\System32\Wbem;C:\WINDOWS\System32\WindowsPowerShell\v1.0\;C:\WINDOWS\System32\OpenSSH\;C:\Program Files (x86)\dotnet\;C:\Program Files\GitHub CLI\;C:\Program Files\NVIDIA Corporation\NVIDIA NvDLISR;C:\Program Files\Microsoft SQL Server\Client SDK\ODBC\170\Tools\Binn\;C:\Program Files (x86)\Microsoft SQL Server
USERNAME=abura
OS=Windows_NT
PROCESSOR_IDENTIFIER=AMD64 Family 25 Model 80 Stepping 0, AuthenticAMD
TMP=C:\Users\abura\AppData\Local\Temp
TEMP=C:\Users\abura\AppData\Local\Temp


JNI global refs:
JNI global refs: 25, weak refs: 2

JNI global refs memory usage: 843, weak refs: 841


---------------  S Y S T E M  ---------------

OS:
 Windows 11 , 64 bit Build 22621 (10.0.22621.2215)
OS uptime: 0 days 22:43 hours

CPU: total 12 (initial active 12) (12 cores per cpu, 2 threads per core) family 25 model 80 stepping 0 microcode 0x0, cx8, cmov, fxsr, ht, mmx, 3dnowpref, sse, sse2, sse3, ssse3, sse4a, sse4.1, sse4.2, popcnt, lzcnt, tsc, tscinvbit, avx, avx2, aes, erms, clmul, bmi1, bmi2, adx, sha, fma, vzeroupper, clflush, clflushopt

Memory: 4k page, system-wide physical 5996M (454M free)
TotalPageFile size 24428M (AvailPageFile size 12M)
current process WorkingSet (physical memory assigned to process): 411M, peak: 413M
current process commit charge ("private bytes"): 470M, peak: 474M

vm_info: OpenJDK 64-Bit Server VM (17.0.6+0-b2043.56-10027231) for windows-amd64 JRE (17.0.6+0-b2043.56-10027231), built on Apr 28 2023 00:43:19 by "androidbuild" with MS VC++ 16.10 / 16.11 (VS2019)

END.
